This is pdfTeX, Version 3.14159265-2.6-1.40.16 (TeX Live 2015/W32TeX) (preloaded format=pdflatex 2015.9.12)  12 NOV 2016 10:14
entering extended mode
 restricted \write18 enabled.
 %&-line parsing enabled.
**./CVPR2017_Review_Unified.tex
(./CVPR2017_Review_Unified.tex
LaTeX2e <2015/01/01> patch level 2
Babel <3.9m> and hyphenation patterns for 79 languages loaded.
(c:/Software/texlive/2015/texmf-dist/tex/latex/base/article.cls
Document Class: article 2014/09/29 v1.4h Standard LaTeX document class
(c:/Software/texlive/2015/texmf-dist/tex/latex/base/size10.clo
File: size10.clo 2014/09/29 v1.4h Standard LaTeX file (size option)
)
\c@part=\count79
\c@section=\count80
\c@subsection=\count81
\c@subsubsection=\count82
\c@paragraph=\count83
\c@subparagraph=\count84
\c@figure=\count85
\c@table=\count86
\abovecaptionskip=\skip41
\belowcaptionskip=\skip42
\bibindent=\dimen102
) (./cvpr.sty
(./eso-pic.sty
Package: eso-pic 2002/11/16 v1.1b eso-pic (RN)
 (./cvpr_eso.sty

LaTeX Warning: You have requested package `eso-pic',
               but the package provides `everyshi'.

Package: everyshi 2001/05/15 v3.00 EveryShipout Package (MS)
) (c:/Software/texlive/2015/texmf-dist/tex/latex/graphics/keyval.sty
Package: keyval 2014/10/28 v1.15 key=value parser (DPC)
\KV@toks@=\toks14
))
(c:/Software/texlive/2015/texmf-dist/tex/latex/tools/xspace.sty
Package: xspace 2014/10/28 v1.13 Space after command names (DPC,MH)
)
CVPR 8.5 x 11-Inch Proceedings Style `cvpr.sty'.
\@ctmp=\skip43
\@figindent=\skip44
\cvprrulerbox=\box26
\cvprrulercount=\count87
\cvprruleroffset=\dimen103
\cv@lineheight=\dimen104
\cv@boxheight=\dimen105
\cv@tmpbox=\box27
\cv@refno=\count88
\cv@tot=\count89
\cv@tmpc@=\count90
\cv@tmpc=\count91
) (c:/Software/texlive/2015/texmf-dist/tex/latex/psnfss/times.sty
Package: times 2005/04/12 PSNFSS-v9.2a (SPQR) 
)
(c:/Software/texlive/2015/texmf-dist/tex/latex/graphics/epsfig.sty
Package: epsfig 1999/02/16 v1.7a (e)psfig emulation (SPQR)

(c:/Software/texlive/2015/texmf-dist/tex/latex/graphics/graphicx.sty
Package: graphicx 2014/10/28 v1.0g Enhanced LaTeX Graphics (DPC,SPQR)

(c:/Software/texlive/2015/texmf-dist/tex/latex/graphics/graphics.sty
Package: graphics 2014/10/28 v1.0p Standard LaTeX Graphics (DPC,SPQR)

(c:/Software/texlive/2015/texmf-dist/tex/latex/graphics/trig.sty
Package: trig 1999/03/16 v1.09 sin cos tan (DPC)
)
(c:/Software/texlive/2015/texmf-dist/tex/latex/latexconfig/graphics.cfg
File: graphics.cfg 2010/04/23 v1.9 graphics configuration of TeX Live
)
Package graphics Info: Driver file: pdftex.def on input line 94.

(c:/Software/texlive/2015/texmf-dist/tex/latex/pdftex-def/pdftex.def
File: pdftex.def 2011/05/27 v0.06d Graphics/color for pdfTeX

(c:/Software/texlive/2015/texmf-dist/tex/generic/oberdiek/infwarerr.sty
Package: infwarerr 2010/04/08 v1.3 Providing info/warning/error messages (HO)
)
(c:/Software/texlive/2015/texmf-dist/tex/generic/oberdiek/ltxcmds.sty
Package: ltxcmds 2011/11/09 v1.22 LaTeX kernel commands for general use (HO)
)
\Gread@gobject=\count92
))
\Gin@req@height=\dimen106
\Gin@req@width=\dimen107
)
\epsfxsize=\dimen108
\epsfysize=\dimen109
)
(c:/Software/texlive/2015/texmf-dist/tex/latex/amsmath/amsmath.sty
Package: amsmath 2013/01/14 v2.14 AMS math features
\@mathmargin=\skip45

For additional information on amsmath, use the `?' option.
(c:/Software/texlive/2015/texmf-dist/tex/latex/amsmath/amstext.sty
Package: amstext 2000/06/29 v2.01

(c:/Software/texlive/2015/texmf-dist/tex/latex/amsmath/amsgen.sty
File: amsgen.sty 1999/11/30 v2.0
\@emptytoks=\toks15
\ex@=\dimen110
))
(c:/Software/texlive/2015/texmf-dist/tex/latex/amsmath/amsbsy.sty
Package: amsbsy 1999/11/29 v1.2d
\pmbraise@=\dimen111
)
(c:/Software/texlive/2015/texmf-dist/tex/latex/amsmath/amsopn.sty
Package: amsopn 1999/12/14 v2.01 operator names
)
\inf@bad=\count93
LaTeX Info: Redefining \frac on input line 210.
\uproot@=\count94
\leftroot@=\count95
LaTeX Info: Redefining \overline on input line 306.
\classnum@=\count96
\DOTSCASE@=\count97
LaTeX Info: Redefining \ldots on input line 378.
LaTeX Info: Redefining \dots on input line 381.
LaTeX Info: Redefining \cdots on input line 466.
\Mathstrutbox@=\box28
\strutbox@=\box29
\big@size=\dimen112
LaTeX Font Info:    Redeclaring font encoding OML on input line 566.
LaTeX Font Info:    Redeclaring font encoding OMS on input line 567.
\macc@depth=\count98
\c@MaxMatrixCols=\count99
\dotsspace@=\muskip10
\c@parentequation=\count100
\dspbrk@lvl=\count101
\tag@help=\toks16
\row@=\count102
\column@=\count103
\maxfields@=\count104
\andhelp@=\toks17
\eqnshift@=\dimen113
\alignsep@=\dimen114
\tagshift@=\dimen115
\tagwidth@=\dimen116
\totwidth@=\dimen117
\lineht@=\dimen118
\@envbody=\toks18
\multlinegap=\skip46
\multlinetaggap=\skip47
\mathdisplay@stack=\toks19
LaTeX Info: Redefining \[ on input line 2665.
LaTeX Info: Redefining \] on input line 2666.
)
(c:/Software/texlive/2015/texmf-dist/tex/latex/amsfonts/amssymb.sty
Package: amssymb 2013/01/14 v3.01 AMS font symbols

(c:/Software/texlive/2015/texmf-dist/tex/latex/amsfonts/amsfonts.sty
Package: amsfonts 2013/01/14 v3.01 Basic AMSFonts support
\symAMSa=\mathgroup4
\symAMSb=\mathgroup5
LaTeX Font Info:    Overwriting math alphabet `\mathfrak' in version `bold'
(Font)                  U/euf/m/n --> U/euf/b/n on input line 106.
))
(c:/Software/texlive/2015/texmf-dist/tex/latex/subfigure/subfigure.sty
Package: subfigure 2002/03/15 v2.1.5 subfigure package
\subfigtopskip=\skip48
\subfigcapskip=\skip49
\subfigcaptopadj=\dimen119
\subfigbottomskip=\skip50
\subfigcapmargin=\dimen120
\subfiglabelskip=\skip51
\c@subfigure=\count105
\c@lofdepth=\count106
\c@subtable=\count107
\c@lotdepth=\count108

****************************************
* Local config file subfigure.cfg used *
****************************************
(c:/Software/texlive/2015/texmf-dist/tex/latex/subfigure/subfigure.cfg)
\subfig@top=\skip52
\subfig@bottom=\skip53
)
(c:/Software/texlive/2015/texmf-dist/tex/latex/was/upgreek.sty
Package: upgreek 2003/02/12 v2.0 (WaS)
Package upgreek Info: Using Euler Roman for upright Greek on input line 31.
\symugrf@m=\mathgroup6
LaTeX Font Info:    Overwriting symbol font `ugrf@m' in version `bold'
(Font)                  U/eur/m/n --> U/eur/b/n on input line 38.
)
(c:/Software/texlive/2015/texmf-dist/tex/latex/multirow/multirow.sty
\bigstrutjot=\dimen121
)
(c:/Software/texlive/2015/texmf-dist/tex/latex/graphics/color.sty
Package: color 2014/10/28 v1.1a Standard LaTeX Color (DPC)

(c:/Software/texlive/2015/texmf-dist/tex/latex/latexconfig/color.cfg
File: color.cfg 2007/01/18 v1.5 color configuration of teTeX/TeXLive
)
Package color Info: Driver file: pdftex.def on input line 142.
)
(c:/Software/texlive/2015/texmf-dist/tex/latex/tools/bm.sty
Package: bm 2014/10/28 v1.1c Bold Symbol Support (DPC/FMi)
\symboldoperators=\mathgroup7
\symboldletters=\mathgroup8
\symboldsymbols=\mathgroup9
\symboldugrf@m=\mathgroup10
LaTeX Font Info:    Redeclaring math alphabet \mathbf on input line 141.
LaTeX Info: Redefining \bm on input line 207.
)
(c:/Software/texlive/2015/texmf-dist/tex/latex/arydshln/arydshln.sty
Package: arydshln 2004/08/31 v1.71 
\dashlinedash=\dimen122
\dashlinegap=\dimen123
\adl@box=\box30
\adl@height=\dimen124
\adl@heightsave=\dimen125
\adl@depth=\dimen126
\adl@depthsave=\dimen127
\adl@finaldepth=\dimen128
\adl@columns=\count109
\adl@ncol=\count110
\adl@currentcolumn=\count111
\adl@currentcolumnsave=\count112
\adl@totalheight=\count113
\adl@totalheightsave=\count114
\adl@dash=\count115
\adl@gap=\count116
\adl@cla=\count117
\adl@clb=\count118
\adl@everyvbox=\toks20
\adl@LTpagetotal=\dimen129
)
(c:/Software/texlive/2015/texmf-dist/tex/latex/hyperref/hyperref.sty
Package: hyperref 2012/11/06 v6.83m Hypertext links for LaTeX

(c:/Software/texlive/2015/texmf-dist/tex/generic/oberdiek/hobsub-hyperref.sty
Package: hobsub-hyperref 2012/05/28 v1.13 Bundle oberdiek, subset hyperref (HO)


(c:/Software/texlive/2015/texmf-dist/tex/generic/oberdiek/hobsub-generic.sty
Package: hobsub-generic 2012/05/28 v1.13 Bundle oberdiek, subset generic (HO)
Package: hobsub 2012/05/28 v1.13 Construct package bundles (HO)
Package hobsub Info: Skipping package `infwarerr' (already loaded).
Package hobsub Info: Skipping package `ltxcmds' (already loaded).
Package: ifluatex 2010/03/01 v1.3 Provides the ifluatex switch (HO)
Package ifluatex Info: LuaTeX not detected.
Package: ifvtex 2010/03/01 v1.5 Detect VTeX and its facilities (HO)
Package ifvtex Info: VTeX not detected.
Package: intcalc 2007/09/27 v1.1 Expandable calculations with integers (HO)
Package: ifpdf 2011/01/30 v2.3 Provides the ifpdf switch (HO)
Package ifpdf Info: pdfTeX in PDF mode is detected.
Package: etexcmds 2011/02/16 v1.5 Avoid name clashes with e-TeX commands (HO)
Package etexcmds Info: Could not find \expanded.
(etexcmds)             That can mean that you are not using pdfTeX 1.50 or
(etexcmds)             that some package has redefined \expanded.
(etexcmds)             In the latter case, load this package earlier.
Package: kvsetkeys 2012/04/25 v1.16 Key value parser (HO)
Package: kvdefinekeys 2011/04/07 v1.3 Define keys (HO)
Package: pdftexcmds 2011/11/29 v0.20 Utility functions of pdfTeX for LuaTeX (HO
)
Package pdftexcmds Info: LuaTeX not detected.
Package pdftexcmds Info: \pdf@primitive is available.
Package pdftexcmds Info: \pdf@ifprimitive is available.
Package pdftexcmds Info: \pdfdraftmode found.
Package: pdfescape 2011/11/25 v1.13 Implements pdfTeX's escape features (HO)
Package: bigintcalc 2012/04/08 v1.3 Expandable calculations on big integers (HO
)
Package: bitset 2011/01/30 v1.1 Handle bit-vector datatype (HO)
Package: uniquecounter 2011/01/30 v1.2 Provide unlimited unique counter (HO)
)
Package hobsub Info: Skipping package `hobsub' (already loaded).
Package: letltxmacro 2010/09/02 v1.4 Let assignment for LaTeX macros (HO)
Package: hopatch 2012/05/28 v1.2 Wrapper for package hooks (HO)
Package: xcolor-patch 2011/01/30 xcolor patch
Package: atveryend 2011/06/30 v1.8 Hooks at the very end of document (HO)
Package atveryend Info: \enddocument detected (standard20110627).
Package: atbegshi 2011/10/05 v1.16 At begin shipout hook (HO)
Package: refcount 2011/10/16 v3.4 Data extraction from label references (HO)
Package: hycolor 2011/01/30 v1.7 Color options for hyperref/bookmark (HO)
)
(c:/Software/texlive/2015/texmf-dist/tex/generic/ifxetex/ifxetex.sty
Package: ifxetex 2010/09/12 v0.6 Provides ifxetex conditional
)
(c:/Software/texlive/2015/texmf-dist/tex/latex/oberdiek/auxhook.sty
Package: auxhook 2011/03/04 v1.3 Hooks for auxiliary files (HO)
)
(c:/Software/texlive/2015/texmf-dist/tex/latex/oberdiek/kvoptions.sty
Package: kvoptions 2011/06/30 v3.11 Key value format for package options (HO)
)
\@linkdim=\dimen130
\Hy@linkcounter=\count119
\Hy@pagecounter=\count120

(c:/Software/texlive/2015/texmf-dist/tex/latex/hyperref/pd1enc.def
File: pd1enc.def 2012/11/06 v6.83m Hyperref: PDFDocEncoding definition (HO)
)
\Hy@SavedSpaceFactor=\count121

(c:/Software/texlive/2015/texmf-dist/tex/latex/latexconfig/hyperref.cfg
File: hyperref.cfg 2002/06/06 v1.2 hyperref configuration of TeXLive
)
Package hyperref Info: Option `breaklinks' set `true' on input line 4319.


Package hyperref Warning: Option `letterpaper' is no longer used.

Package hyperref Info: Option `colorlinks' set `true' on input line 4319.
Package hyperref Info: Option `bookmarks' set `false' on input line 4319.
Package hyperref Info: Hyper figures OFF on input line 4443.
Package hyperref Info: Link nesting OFF on input line 4448.
Package hyperref Info: Hyper index ON on input line 4451.
Package hyperref Info: Plain pages OFF on input line 4458.
Package hyperref Info: Backreferencing ON on input line 4461.
Package hyperref Info: Implicit mode ON; LaTeX internals redefined.
Package hyperref Info: Bookmarks OFF on input line 4694.
(c:/Software/texlive/2015/texmf-dist/tex/latex/hyperref/backref.sty
Package: backref 2012/07/25 v1.38 Bibliographical back referencing

(c:/Software/texlive/2015/texmf-dist/tex/latex/oberdiek/rerunfilecheck.sty
Package: rerunfilecheck 2011/04/15 v1.7 Rerun checks for auxiliary files (HO)
Package uniquecounter Info: New unique counter `rerunfilecheck' on input line 2
82.
))
\c@Hy@tempcnt=\count122

(c:/Software/texlive/2015/texmf-dist/tex/latex/url/url.sty
\Urlmuskip=\muskip11
Package: url 2013/09/16  ver 3.4  Verb mode for urls, etc.
)
LaTeX Info: Redefining \url on input line 5041.
\XeTeXLinkMargin=\dimen131
\Fld@menulength=\count123
\Field@Width=\dimen132
\Fld@charsize=\dimen133
Package hyperref Info: Hyper figures OFF on input line 6295.
Package hyperref Info: Link nesting OFF on input line 6300.
Package hyperref Info: Hyper index ON on input line 6303.
Package hyperref Info: backreferencing ON on input line 6308.
Package hyperref Info: Link coloring ON on input line 6313.
Package hyperref Info: Link coloring with OCG OFF on input line 6320.
Package hyperref Info: PDF/A mode OFF on input line 6325.
LaTeX Info: Redefining \ref on input line 6365.
LaTeX Info: Redefining \pageref on input line 6369.
\Hy@abspage=\count124
\c@Item=\count125
\c@Hfootnote=\count126
)

Package hyperref Message: Driver (autodetected): hpdftex.

(c:/Software/texlive/2015/texmf-dist/tex/latex/hyperref/hpdftex.def
File: hpdftex.def 2012/11/06 v6.83m Hyperref driver for pdfTeX
\Fld@listcount=\count127
\c@bookmark@seq@number=\count128
\Hy@SectionHShift=\skip54
)
(./CVPR2017_Review_Unified.aux

LaTeX Warning: Label `fig6' multiply defined.

)
\openout1 = `CVPR2017_Review_Unified.aux'.

LaTeX Font Info:    Checking defaults for OML/cmm/m/it on input line 34.
LaTeX Font Info:    ... okay on input line 34.
LaTeX Font Info:    Checking defaults for T1/cmr/m/n on input line 34.
LaTeX Font Info:    ... okay on input line 34.
LaTeX Font Info:    Checking defaults for OT1/cmr/m/n on input line 34.
LaTeX Font Info:    ... okay on input line 34.
LaTeX Font Info:    Checking defaults for OMS/cmsy/m/n on input line 34.
LaTeX Font Info:    ... okay on input line 34.
LaTeX Font Info:    Checking defaults for OMX/cmex/m/n on input line 34.
LaTeX Font Info:    ... okay on input line 34.
LaTeX Font Info:    Checking defaults for U/cmr/m/n on input line 34.
LaTeX Font Info:    ... okay on input line 34.
LaTeX Font Info:    Checking defaults for PD1/pdf/m/n on input line 34.
LaTeX Font Info:    ... okay on input line 34.
LaTeX Font Info:    Try loading font information for OT1+ptm on input line 34.
 (c:/Software/texlive/2015/texmf-dist/tex/latex/psnfss/ot1ptm.fd
File: ot1ptm.fd 2001/06/04 font definitions for OT1/ptm.
)
ABD: EveryShipout initializing macros
(c:/Software/texlive/2015/texmf-dist/tex/context/base/supp-pdf.mkii
[Loading MPS to PDF converter (version 2006.09.02).]
\scratchcounter=\count129
\scratchdimen=\dimen134
\scratchbox=\box31
\nofMPsegments=\count130
\nofMParguments=\count131
\everyMPshowfont=\toks21
\MPscratchCnt=\count132
\MPscratchDim=\dimen135
\MPnumerator=\count133
\makeMPintoPDFobject=\count134
\everyMPtoPDFconversion=\toks22
) (c:/Software/texlive/2015/texmf-dist/tex/latex/oberdiek/epstopdf-base.sty
Package: epstopdf-base 2010/02/09 v2.5 Base part for package epstopdf

(c:/Software/texlive/2015/texmf-dist/tex/latex/oberdiek/grfext.sty
Package: grfext 2010/08/19 v1.1 Manage graphics extensions (HO)
)
Package grfext Info: Graphics extension search list:
(grfext)             [.png,.pdf,.jpg,.mps,.jpeg,.jbig2,.jb2,.PNG,.PDF,.JPG,.JPE
G,.JBIG2,.JB2,.eps]
(grfext)             \AppendGraphicsExtensions on input line 452.

(c:/Software/texlive/2015/texmf-dist/tex/latex/latexconfig/epstopdf-sys.cfg
File: epstopdf-sys.cfg 2010/07/13 v1.3 Configuration of (r)epstopdf for TeX Liv
e
))
\AtBeginShipoutBox=\box32
Package atbegshi Info: Package `everyshi' patched.
Package hyperref Info: Link coloring ON on input line 34.

(c:/Software/texlive/2015/texmf-dist/tex/latex/hyperref/nameref.sty
Package: nameref 2012/10/27 v2.43 Cross-referencing by name of section

(c:/Software/texlive/2015/texmf-dist/tex/generic/oberdiek/gettitlestring.sty
Package: gettitlestring 2010/12/03 v1.4 Cleanup title references (HO)
)
\c@section@level=\count135
)
LaTeX Info: Redefining \ref on input line 34.
LaTeX Info: Redefining \pageref on input line 34.
LaTeX Info: Redefining \nameref on input line 34.
LaTeX Font Info:    Font shape `OT1/ptm/bx/n' in size <14.4> not available
(Font)              Font shape `OT1/ptm/b/n' tried instead on input line 56.
LaTeX Font Info:    Try loading font information for U+msa on input line 56.

(c:/Software/texlive/2015/texmf-dist/tex/latex/amsfonts/umsa.fd
File: umsa.fd 2013/01/14 v3.01 AMS symbols A
)
LaTeX Font Info:    Try loading font information for U+msb on input line 56.

(c:/Software/texlive/2015/texmf-dist/tex/latex/amsfonts/umsb.fd
File: umsb.fd 2013/01/14 v3.01 AMS symbols B
)
LaTeX Font Info:    Font shape `OT1/ptm/bx/n' in size <12> not available
(Font)              Font shape `OT1/ptm/b/n' tried instead on input line 59.

<images/resize_br_Noisy_CC_Noisy_Nikon_D800_ISO_3200_A3_66.png, id=63, 250.9375
pt x 250.9375pt>
File: images/resize_br_Noisy_CC_Noisy_Nikon_D800_ISO_3200_A3_66.png Graphic fil
e (type png)

<use images/resize_br_Noisy_CC_Noisy_Nikon_D800_ISO_3200_A3_66.png>
Package pdftex.def Info: images/resize_br_Noisy_CC_Noisy_Nikon_D800_ISO_3200_A3
_66.png used on input line 100.
(pdftex.def)             Requested size: 96.8906pt x 96.89265pt.

<images/resize_br_CBM3D_CC_Noisy_Nikon_D800_ISO_3200_A3_66.png, id=65, 250.9375
pt x 250.9375pt>
File: images/resize_br_CBM3D_CC_Noisy_Nikon_D800_ISO_3200_A3_66.png Graphic fil
e (type png)

<use images/resize_br_CBM3D_CC_Noisy_Nikon_D800_ISO_3200_A3_66.png>
Package pdftex.def Info: images/resize_br_CBM3D_CC_Noisy_Nikon_D800_ISO_3200_A3
_66.png used on input line 100.
(pdftex.def)             Requested size: 96.8906pt x 96.89265pt.

<images/resize_br_WNNM_CC_Noisy_Nikon_D800_ISO_3200_A3_66.png, id=68, 250.9375p
t x 250.9375pt>
File: images/resize_br_WNNM_CC_Noisy_Nikon_D800_ISO_3200_A3_66.png Graphic file
 (type png)

<use images/resize_br_WNNM_CC_Noisy_Nikon_D800_ISO_3200_A3_66.png>
Package pdftex.def Info: images/resize_br_WNNM_CC_Noisy_Nikon_D800_ISO_3200_A3_
66.png used on input line 100.
(pdftex.def)             Requested size: 96.8906pt x 96.89265pt.

<images/resize_br_MLP_CC_Noisy_Nikon_D800_ISO_3200_A3_66.png, id=70, 250.9375pt
 x 250.9375pt>
File: images/resize_br_MLP_CC_Noisy_Nikon_D800_ISO_3200_A3_66.png Graphic file 
(type png)

<use images/resize_br_MLP_CC_Noisy_Nikon_D800_ISO_3200_A3_66.png>
Package pdftex.def Info: images/resize_br_MLP_CC_Noisy_Nikon_D800_ISO_3200_A3_6
6.png used on input line 100.
(pdftex.def)             Requested size: 96.8906pt x 96.89265pt.

<images/resize_br_CSF_CC_Noisy_Nikon_D800_ISO_3200_A3_66.png, id=72, 250.9375pt
 x 250.9375pt>
File: images/resize_br_CSF_CC_Noisy_Nikon_D800_ISO_3200_A3_66.png Graphic file 
(type png)

<use images/resize_br_CSF_CC_Noisy_Nikon_D800_ISO_3200_A3_66.png>
Package pdftex.def Info: images/resize_br_CSF_CC_Noisy_Nikon_D800_ISO_3200_A3_6
6.png used on input line 100.
(pdftex.def)             Requested size: 96.8906pt x 96.89265pt.

<images/resize_br_TRD_CC_Noisy_Nikon_D800_ISO_3200_A3_66.png, id=74, 250.9375pt
 x 250.9375pt>
File: images/resize_br_TRD_CC_Noisy_Nikon_D800_ISO_3200_A3_66.png Graphic file 
(type png)

<use images/resize_br_TRD_CC_Noisy_Nikon_D800_ISO_3200_A3_66.png>
Package pdftex.def Info: images/resize_br_TRD_CC_Noisy_Nikon_D800_ISO_3200_A3_6
6.png used on input line 127.
(pdftex.def)             Requested size: 96.8906pt x 96.89265pt.

<images/resize_br_NC_CC_Noisy_Nikon_D800_ISO_3200_A3_66.png, id=76, 250.9375pt 
x 250.9375pt>
File: images/resize_br_NC_CC_Noisy_Nikon_D800_ISO_3200_A3_66.png Graphic file (
type png)
 <use images/resize_br_NC_CC_Noisy_Nikon_D800_ISO_3200_A3_66.png>
Package pdftex.def Info: images/resize_br_NC_CC_Noisy_Nikon_D800_ISO_3200_A3_66
.png used on input line 127.
(pdftex.def)             Requested size: 96.8906pt x 96.89265pt.

<images/resize_br_NI_CC_Noisy_Nikon_D800_ISO_3200_A3_66.png, id=78, 250.9375pt 
x 250.9375pt>
File: images/resize_br_NI_CC_Noisy_Nikon_D800_ISO_3200_A3_66.png Graphic file (
type png)
 <use images/resize_br_NI_CC_Noisy_Nikon_D800_ISO_3200_A3_66.png>
Package pdftex.def Info: images/resize_br_NI_CC_Noisy_Nikon_D800_ISO_3200_A3_66
.png used on input line 127.
(pdftex.def)             Requested size: 96.8906pt x 96.89265pt.

<images/resize_br_Guided_CC_Noisy_Nikon_D800_ISO_3200_A3_66.png, id=80, 250.937
5pt x 250.9375pt>
File: images/resize_br_Guided_CC_Noisy_Nikon_D800_ISO_3200_A3_66.png Graphic fi
le (type png)

<use images/resize_br_Guided_CC_Noisy_Nikon_D800_ISO_3200_A3_66.png>
Package pdftex.def Info: images/resize_br_Guided_CC_Noisy_Nikon_D800_ISO_3200_A
3_66.png used on input line 127.
(pdftex.def)             Requested size: 96.8906pt x 96.89265pt.
LaTeX Font Info:    Font shape `OT1/ptm/bx/n' in size <8> not available
(Font)              Font shape `OT1/ptm/b/n' tried instead on input line 127.

<images/resize_br_Mean_CC_Noisy_Nikon_D800_ISO_3200_A3_66.png, id=81, 250.9375p
t x 250.9375pt>
File: images/resize_br_Mean_CC_Noisy_Nikon_D800_ISO_3200_A3_66.png Graphic file
 (type png)

<use images/resize_br_Mean_CC_Noisy_Nikon_D800_ISO_3200_A3_66.png>
Package pdftex.def Info: images/resize_br_Mean_CC_Noisy_Nikon_D800_ISO_3200_A3_
66.png used on input line 127.
(pdftex.def)             Requested size: 96.8906pt x 96.89265pt.

Overfull \hbox (2.59673pt too wide) in paragraph at lines 100--128
 [][] 
 []


Overfull \hbox (2.59673pt too wide) in paragraph at lines 100--128
 [][] 
 []


Underfull \vbox (badness 6625) has occurred while \output is active []

LaTeX Font Info:    Font shape `OT1/ptm/bx/n' in size <10> not available
(Font)              Font shape `OT1/ptm/b/n' tried instead on input line 134.
LaTeX Font Info:    Try loading font information for OT1+phv on input line 134.


(c:/Software/texlive/2015/texmf-dist/tex/latex/psnfss/ot1phv.fd
File: ot1phv.fd 2001/06/04 scalable font definitions for OT1/phv.
) [1{c:/Software/texlive/2015/texmf-var/fonts/map/pdftex/updmap/pdftex.map}


]
<Flowchart3.png, id=122, 780.7569pt x 425.4294pt>
File: Flowchart3.png Graphic file (type png)
 <use Flowchart3.png>
Package pdftex.def Info: Flowchart3.png used on input line 137.
(pdftex.def)             Requested size: 397.48651pt x 216.58311pt.
LaTeX Font Info:    Font shape `OT1/ptm/bx/it' in size <10> not available
(Font)              Font shape `OT1/ptm/b/it' tried instead on input line 147.
 [2 <./images/resize_br_Noisy_CC_Noisy_Nikon_D800_ISO_3200_A3_66.png (PNG copy)
> <./images/resize_br_CBM3D_CC_Noisy_Nikon_D800_ISO_3200_A3_66.png (PNG copy)> 
<./images/resize_br_WNNM_CC_Noisy_Nikon_D800_ISO_3200_A3_66.png (PNG copy)> <./
images/resize_br_MLP_CC_Noisy_Nikon_D800_ISO_3200_A3_66.png (PNG copy)> <./imag
es/resize_br_CSF_CC_Noisy_Nikon_D800_ISO_3200_A3_66.png (PNG copy)> <./images/r
esize_br_TRD_CC_Noisy_Nikon_D800_ISO_3200_A3_66.png (PNG copy)> <./images/resiz
e_br_NC_CC_Noisy_Nikon_D800_ISO_3200_A3_66.png (PNG copy)> <./images/resize_br_
NI_CC_Noisy_Nikon_D800_ISO_3200_A3_66.png (PNG copy)> <./images/resize_br_Guide
d_CC_Noisy_Nikon_D800_ISO_3200_A3_66.png (PNG copy)> <./images/resize_br_Mean_C
C_Noisy_Nikon_D800_ISO_3200_A3_66.png (PNG copy)>]
Underfull \hbox (badness 1436) in paragraph at lines 203--204
\OT1/ptm/m/n/10 Assume we have as-signed all the in-ter-nal noisy PGs
 []

[3 <./Flowchart3.png>]
Underfull \hbox (badness 2932) in paragraph at lines 205--206
[]\OT1/ptm/m/n/10 We let the or-thog-o-nal dic-tio-nary $\OT1/cmr/bx/n/10 D[]$ 
\OT1/ptm/m/n/10 be $\OT1/cmr/bx/n/10 D[] \U/msa/m/n/10 ,
 []


Underfull \hbox (badness 2261) in paragraph at lines 286--289
\OT1/ptm/m/n/10 sparse co-ef-fi-cient ma-trix can be writ-ten as $\OT1/cmr/bx/n
/10 A[] \OT1/cmr/m/n/10 =
 []


Underfull \hbox (badness 1939) in paragraph at lines 286--289
\OT1/cmr/m/n/10 [(\OT1/cmr/bx/n/10 A[]\OT1/cmr/m/n/10 )[] (\OT1/cmr/bx/n/10 A[]
\OT1/cmr/m/n/10 )[]][]$ \OT1/ptm/m/n/10 where the ex-ter-nal part $\OT1/cmr/bx/
n/10 A[] \OMS/cmsy/m/n/10 2
 []

[4]
LaTeX Font Info:    Try loading font information for OT1+pcr on input line 370.

 (c:/Software/texlive/2015/texmf-dist/tex/latex/psnfss/ot1pcr.fd
File: ot1pcr.fd 2001/06/04 font definitions for OT1/pcr.
)
<images/resize_CC_Noisy_Canon_EOS_5D_Mark3_ISO_3200_C1_47.png, id=252, 167.6262
5pt x 167.62625pt>
File: images/resize_CC_Noisy_Canon_EOS_5D_Mark3_ISO_3200_C1_47.png Graphic file
 (type png)

<use images/resize_CC_Noisy_Canon_EOS_5D_Mark3_ISO_3200_C1_47.png>
Package pdftex.def Info: images/resize_CC_Noisy_Canon_EOS_5D_Mark3_ISO_3200_C1_
47.png used on input line 410.
(pdftex.def)             Requested size: 27.32344pt x 27.32207pt.

<images/resize_CC_Noisy_Canon_EOS_5D_Mark3_ISO_3200_C1_52.png, id=253, 167.6262
5pt x 167.62625pt>
File: images/resize_CC_Noisy_Canon_EOS_5D_Mark3_ISO_3200_C1_52.png Graphic file
 (type png)

<use images/resize_CC_Noisy_Canon_EOS_5D_Mark3_ISO_3200_C1_52.png>
Package pdftex.def Info: images/resize_CC_Noisy_Canon_EOS_5D_Mark3_ISO_3200_C1_
52.png used on input line 410.
(pdftex.def)             Requested size: 27.32344pt x 27.32207pt.

<images/resize_CC_Noisy_Canon_EOS_5D_Mark3_ISO_3200_C2_44.png, id=254, 167.6262
5pt x 167.62625pt>
File: images/resize_CC_Noisy_Canon_EOS_5D_Mark3_ISO_3200_C2_44.png Graphic file
 (type png)

<use images/resize_CC_Noisy_Canon_EOS_5D_Mark3_ISO_3200_C2_44.png>
Package pdftex.def Info: images/resize_CC_Noisy_Canon_EOS_5D_Mark3_ISO_3200_C2_
44.png used on input line 410.
(pdftex.def)             Requested size: 27.32344pt x 27.32207pt.

<images/resize_CC_Noisy_Canon_EOS_5D_Mark3_ISO_3200_C2_66.png, id=255, 167.6262
5pt x 167.62625pt>
File: images/resize_CC_Noisy_Canon_EOS_5D_Mark3_ISO_3200_C2_66.png Graphic file
 (type png)

<use images/resize_CC_Noisy_Canon_EOS_5D_Mark3_ISO_3200_C2_66.png>
Package pdftex.def Info: images/resize_CC_Noisy_Canon_EOS_5D_Mark3_ISO_3200_C2_
66.png used on input line 410.
(pdftex.def)             Requested size: 27.32344pt x 27.32207pt.

<images/resize_CC_Noisy_Canon_EOS_5D_Mark3_ISO_3200_C3_26.png, id=256, 167.6262
5pt x 167.62625pt>
File: images/resize_CC_Noisy_Canon_EOS_5D_Mark3_ISO_3200_C3_26.png Graphic file
 (type png)

<use images/resize_CC_Noisy_Canon_EOS_5D_Mark3_ISO_3200_C3_26.png>
Package pdftex.def Info: images/resize_CC_Noisy_Canon_EOS_5D_Mark3_ISO_3200_C3_
26.png used on input line 410.
(pdftex.def)             Requested size: 27.32344pt x 27.32207pt.

<images/resize_CC_Noisy_Canon_EOS_5D_Mark3_ISO_3200_C3_73.png, id=257, 167.6262
5pt x 167.62625pt>
File: images/resize_CC_Noisy_Canon_EOS_5D_Mark3_ISO_3200_C3_73.png Graphic file
 (type png)

<use images/resize_CC_Noisy_Canon_EOS_5D_Mark3_ISO_3200_C3_73.png>
Package pdftex.def Info: images/resize_CC_Noisy_Canon_EOS_5D_Mark3_ISO_3200_C3_
73.png used on input line 410.
(pdftex.def)             Requested size: 27.32344pt x 27.32207pt.

<images/resize_CC_Noisy_Nikon_D600_ISO_3200_C1_95.png, id=258, 167.62625pt x 16
7.62625pt>
File: images/resize_CC_Noisy_Nikon_D600_ISO_3200_C1_95.png Graphic file (type p
ng)
 <use images/resize_CC_Noisy_Nikon_D600_ISO_3200_C1_95.png>
Package pdftex.def Info: images/resize_CC_Noisy_Nikon_D600_ISO_3200_C1_95.png u
sed on input line 410.
(pdftex.def)             Requested size: 27.32344pt x 27.32207pt.

<images/resize_CC_Noisy_Nikon_D600_ISO_3200_C2_67.png, id=259, 167.62625pt x 16
7.62625pt>
File: images/resize_CC_Noisy_Nikon_D600_ISO_3200_C2_67.png Graphic file (type p
ng)
 <use images/resize_CC_Noisy_Nikon_D600_ISO_3200_C2_67.png>
Package pdftex.def Info: images/resize_CC_Noisy_Nikon_D600_ISO_3200_C2_67.png u
sed on input line 410.
(pdftex.def)             Requested size: 27.32344pt x 27.32207pt.

<images/resize_CC_Noisy_Nikon_D800_ISO_1600_B2_80.png, id=260, 167.62625pt x 16
7.62625pt>
File: images/resize_CC_Noisy_Nikon_D800_ISO_1600_B2_80.png Graphic file (type p
ng)
 <use images/resize_CC_Noisy_Nikon_D800_ISO_1600_B2_80.png>
Package pdftex.def Info: images/resize_CC_Noisy_Nikon_D800_ISO_1600_B2_80.png u
sed on input line 436.
(pdftex.def)             Requested size: 27.32344pt x 27.32207pt.

<images/resize_CC_Noisy_Nikon_D800_ISO_1600_B3_82.png, id=261, 167.62625pt x 16
7.62625pt>
File: images/resize_CC_Noisy_Nikon_D800_ISO_1600_B3_82.png Graphic file (type p
ng)
 <use images/resize_CC_Noisy_Nikon_D800_ISO_1600_B3_82.png>
Package pdftex.def Info: images/resize_CC_Noisy_Nikon_D800_ISO_1600_B3_82.png u
sed on input line 436.
(pdftex.def)             Requested size: 27.32344pt x 27.32207pt.

<images/resize_CC_Noisy_Nikon_D800_ISO_3200_A1_21.png, id=262, 167.62625pt x 16
7.62625pt>
File: images/resize_CC_Noisy_Nikon_D800_ISO_3200_A1_21.png Graphic file (type p
ng)
 <use images/resize_CC_Noisy_Nikon_D800_ISO_3200_A1_21.png>
Package pdftex.def Info: images/resize_CC_Noisy_Nikon_D800_ISO_3200_A1_21.png u
sed on input line 436.
(pdftex.def)             Requested size: 27.32344pt x 27.32207pt.

<images/resize_CC_Noisy_Nikon_D800_ISO_3200_A1_111.png, id=263, 167.62625pt x 1
67.62625pt>
File: images/resize_CC_Noisy_Nikon_D800_ISO_3200_A1_111.png Graphic file (type 
png)
 <use images/resize_CC_Noisy_Nikon_D800_ISO_3200_A1_111.png>
Package pdftex.def Info: images/resize_CC_Noisy_Nikon_D800_ISO_3200_A1_111.png 
used on input line 436.
(pdftex.def)             Requested size: 27.32344pt x 27.32207pt.

<images/resize_CC_Noisy_Nikon_D800_ISO_3200_A3_66.png, id=264, 167.62625pt x 16
7.62625pt>
File: images/resize_CC_Noisy_Nikon_D800_ISO_3200_A3_66.png Graphic file (type p
ng)
 <use images/resize_CC_Noisy_Nikon_D800_ISO_3200_A3_66.png>
Package pdftex.def Info: images/resize_CC_Noisy_Nikon_D800_ISO_3200_A3_66.png u
sed on input line 436.
(pdftex.def)             Requested size: 27.32344pt x 27.32207pt.

<images/resize_CC_Noisy_Nikon_D800_ISO_3200_A4_51.png, id=265, 167.62625pt x 16
7.62625pt>
File: images/resize_CC_Noisy_Nikon_D800_ISO_3200_A4_51.png Graphic file (type p
ng)
 <use images/resize_CC_Noisy_Nikon_D800_ISO_3200_A4_51.png>
Package pdftex.def Info: images/resize_CC_Noisy_Nikon_D800_ISO_3200_A4_51.png u
sed on input line 436.
(pdftex.def)             Requested size: 27.32344pt x 27.32207pt.

<images/resize_CC_Noisy_Nikon_D800_ISO_6400_B3_95.png, id=266, 167.62625pt x 16
7.62625pt>
File: images/resize_CC_Noisy_Nikon_D800_ISO_6400_B3_95.png Graphic file (type p
ng)
 <use images/resize_CC_Noisy_Nikon_D800_ISO_6400_B3_95.png>
Package pdftex.def Info: images/resize_CC_Noisy_Nikon_D800_ISO_6400_B3_95.png u
sed on input line 436.
(pdftex.def)             Requested size: 27.32344pt x 27.32207pt.

<images/resize_CC_Noisy_Nikon_D800_ISO_3200_A2_80.png, id=267, 167.62625pt x 16
7.62625pt>
File: images/resize_CC_Noisy_Nikon_D800_ISO_3200_A2_80.png Graphic file (type p
ng)
 <use images/resize_CC_Noisy_Nikon_D800_ISO_3200_A2_80.png>
Package pdftex.def Info: images/resize_CC_Noisy_Nikon_D800_ISO_3200_A2_80.png u
sed on input line 436.
(pdftex.def)             Requested size: 27.32344pt x 27.32207pt.

Overfull \hbox (3.95158pt too wide) in paragraph at lines 410--437
 [][] 
 []


Overfull \hbox (3.95158pt too wide) in paragraph at lines 410--437
 [][] 
 []


<images/resize_br_Noisy_CC_Noisy_Nikon_D600_ISO_3200_C1_96.png, id=270, 250.937
5pt x 250.9375pt>
File: images/resize_br_Noisy_CC_Noisy_Nikon_D600_ISO_3200_C1_96.png Graphic fil
e (type png)

<use images/resize_br_Noisy_CC_Noisy_Nikon_D600_ISO_3200_C1_96.png>
Package pdftex.def Info: images/resize_br_Noisy_CC_Noisy_Nikon_D600_ISO_3200_C1
_96.png used on input line 470.
(pdftex.def)             Requested size: 96.8906pt x 96.89265pt.

<images/resize_br_Offline_CC_Noisy_Nikon_D600_ISO_3200_C1_96.png, id=272, 250.9
375pt x 250.9375pt>
File: images/resize_br_Offline_CC_Noisy_Nikon_D600_ISO_3200_C1_96.png Graphic f
ile (type png)

<use images/resize_br_Offline_CC_Noisy_Nikon_D600_ISO_3200_C1_96.png>
Package pdftex.def Info: images/resize_br_Offline_CC_Noisy_Nikon_D600_ISO_3200_
C1_96.png used on input line 470.
(pdftex.def)             Requested size: 96.8906pt x 96.89265pt.

<images/resize_br_Online_CC_Noisy_Nikon_D600_ISO_3200_C1_96.png, id=273, 250.93
75pt x 250.9375pt>
File: images/resize_br_Online_CC_Noisy_Nikon_D600_ISO_3200_C1_96.png Graphic fi
le (type png)

<use images/resize_br_Online_CC_Noisy_Nikon_D600_ISO_3200_C1_96.png>
Package pdftex.def Info: images/resize_br_Online_CC_Noisy_Nikon_D600_ISO_3200_C
1_96.png used on input line 470.
(pdftex.def)             Requested size: 96.8906pt x 96.89265pt.

<images/resize_br_Guided_CC_Noisy_Nikon_D600_ISO_3200_C1_96.png, id=274, 250.93
75pt x 250.9375pt>
File: images/resize_br_Guided_CC_Noisy_Nikon_D600_ISO_3200_C1_96.png Graphic fi
le (type png)

<use images/resize_br_Guided_CC_Noisy_Nikon_D600_ISO_3200_C1_96.png>
Package pdftex.def Info: images/resize_br_Guided_CC_Noisy_Nikon_D600_ISO_3200_C
1_96.png used on input line 470.
(pdftex.def)             Requested size: 96.8906pt x 96.89265pt.

<images/resize_br_Mean_CC_Noisy_Nikon_D600_ISO_3200_C1_96.png, id=275, 250.9375
pt x 250.9375pt>
File: images/resize_br_Mean_CC_Noisy_Nikon_D600_ISO_3200_C1_96.png Graphic file
 (type png)

<use images/resize_br_Mean_CC_Noisy_Nikon_D600_ISO_3200_C1_96.png>
Package pdftex.def Info: images/resize_br_Mean_CC_Noisy_Nikon_D600_ISO_3200_C1_
96.png used on input line 470.
(pdftex.def)             Requested size: 96.8906pt x 96.89265pt.

Overfull \hbox (2.59673pt too wide) in paragraph at lines 470--471
 [][] 
 []


<images/resize_br_Noisy_CC_Noisy_Nikon_D600_ISO_3200_C1_94b.png, id=279, 250.93
75pt x 250.9375pt>
File: images/resize_br_Noisy_CC_Noisy_Nikon_D600_ISO_3200_C1_94b.png Graphic fi
le (type png)

<use images/resize_br_Noisy_CC_Noisy_Nikon_D600_ISO_3200_C1_94b.png>
Package pdftex.def Info: images/resize_br_Noisy_CC_Noisy_Nikon_D600_ISO_3200_C1
_94b.png used on input line 503.
(pdftex.def)             Requested size: 96.8906pt x 96.89265pt.

<images/resize_br_Offline_CC_Noisy_Nikon_D600_ISO_3200_C1_94b.png, id=281, 250.
9375pt x 250.9375pt>
File: images/resize_br_Offline_CC_Noisy_Nikon_D600_ISO_3200_C1_94b.png Graphic 
file (type png)

<use images/resize_br_Offline_CC_Noisy_Nikon_D600_ISO_3200_C1_94b.png>
Package pdftex.def Info: images/resize_br_Offline_CC_Noisy_Nikon_D600_ISO_3200_
C1_94b.png used on input line 503.
(pdftex.def)             Requested size: 96.8906pt x 96.89265pt.

<images/resize_br_Online_CC_Noisy_Nikon_D600_ISO_3200_C1_94b.png, id=282, 250.9
375pt x 250.9375pt>
File: images/resize_br_Online_CC_Noisy_Nikon_D600_ISO_3200_C1_94b.png Graphic f
ile (type png)

<use images/resize_br_Online_CC_Noisy_Nikon_D600_ISO_3200_C1_94b.png>
Package pdftex.def Info: images/resize_br_Online_CC_Noisy_Nikon_D600_ISO_3200_C
1_94b.png used on input line 503.
(pdftex.def)             Requested size: 96.8906pt x 96.89265pt.

<images/resize_br_Guided_CC_Noisy_Nikon_D600_ISO_3200_C1_94b.png, id=283, 250.9
375pt x 250.9375pt>
File: images/resize_br_Guided_CC_Noisy_Nikon_D600_ISO_3200_C1_94b.png Graphic f
ile (type png)

<use images/resize_br_Guided_CC_Noisy_Nikon_D600_ISO_3200_C1_94b.png>
Package pdftex.def Info: images/resize_br_Guided_CC_Noisy_Nikon_D600_ISO_3200_C
1_94b.png used on input line 503.
(pdftex.def)             Requested size: 96.8906pt x 96.89265pt.

<images/resize_br_Mean_CC_Noisy_Nikon_D600_ISO_3200_C1_94b.png, id=284, 250.937
5pt x 250.9375pt>
File: images/resize_br_Mean_CC_Noisy_Nikon_D600_ISO_3200_C1_94b.png Graphic fil
e (type png)

<use images/resize_br_Mean_CC_Noisy_Nikon_D600_ISO_3200_C1_94b.png>
Package pdftex.def Info: images/resize_br_Mean_CC_Noisy_Nikon_D600_ISO_3200_C1_
94b.png used on input line 503.
(pdftex.def)             Requested size: 96.8906pt x 96.89265pt.

Overfull \hbox (2.59673pt too wide) in paragraph at lines 503--504
 [][] 
 []

[5 <./images/resize_CC_Noisy_Canon_EOS_5D_Mark3_ISO_3200_C1_47.png (PNG copy)> 
<./images/resize_CC_Noisy_Canon_EOS_5D_Mark3_ISO_3200_C1_52.png (PNG copy)> <./
images/resize_CC_Noisy_Canon_EOS_5D_Mark3_ISO_3200_C2_44.png (PNG copy)> <./ima
ges/resize_CC_Noisy_Canon_EOS_5D_Mark3_ISO_3200_C2_66.png (PNG copy)> <./images
/resize_CC_Noisy_Canon_EOS_5D_Mark3_ISO_3200_C3_26.png (PNG copy)> <./images/re
size_CC_Noisy_Canon_EOS_5D_Mark3_ISO_3200_C3_73.png (PNG copy)> <./images/resiz
e_CC_Noisy_Nikon_D600_ISO_3200_C1_95.png (PNG copy)> <./images/resize_CC_Noisy_
Nikon_D600_ISO_3200_C2_67.png (PNG copy)> <./images/resize_CC_Noisy_Nikon_D800_
ISO_1600_B2_80.png (PNG copy)> <./images/resize_CC_Noisy_Nikon_D800_ISO_1600_B3
_82.png (PNG copy)> <./images/resize_CC_Noisy_Nikon_D800_ISO_3200_A1_21.png (PN
G copy)> <./images/resize_CC_Noisy_Nikon_D800_ISO_3200_A1_111.png (PNG copy)> <
./images/resize_CC_Noisy_Nikon_D800_ISO_3200_A3_66.png (PNG copy)> <./images/re
size_CC_Noisy_Nikon_D800_ISO_3200_A4_51.png (PNG copy)> <./images/resize_CC_Noi
sy_Nikon_D800_ISO_6400_B3_95.png (PNG copy)> <./images/resize_CC_Noisy_Nikon_D8
00_ISO_3200_A2_80.png (PNG copy)>]
LaTeX Font Info:    Font shape `OT1/ptm/bx/n' in size <9> not available
(Font)              Font shape `OT1/ptm/b/n' tried instead on input line 525.

<images/resize_br_Noisy_dog.png, id=313, 200.75pt x 200.75pt>
File: images/resize_br_Noisy_dog.png Graphic file (type png)

<use images/resize_br_Noisy_dog.png>
Package pdftex.def Info: images/resize_br_Noisy_dog.png used on input line 562.

(pdftex.def)             Requested size: 121.23456pt x 121.23816pt.

<images/resize_br_BM3D_dog.png, id=315, 200.75pt x 200.75pt>
File: images/resize_br_BM3D_dog.png Graphic file (type png)

<use images/resize_br_BM3D_dog.png>
Package pdftex.def Info: images/resize_br_BM3D_dog.png used on input line 562.
(pdftex.def)             Requested size: 121.23456pt x 121.23816pt.

<images/resize_br_WNNM_dog.png, id=318, 200.75pt x 200.75pt>
File: images/resize_br_WNNM_dog.png Graphic file (type png)

<use images/resize_br_WNNM_dog.png>
Package pdftex.def Info: images/resize_br_WNNM_dog.png used on input line 562.
(pdftex.def)             Requested size: 121.23456pt x 121.23816pt.

<images/resize_br_MLP_dog.png, id=320, 200.75pt x 200.75pt>
File: images/resize_br_MLP_dog.png Graphic file (type png)

<use images/resize_br_MLP_dog.png>
Package pdftex.def Info: images/resize_br_MLP_dog.png used on input line 562.
(pdftex.def)             Requested size: 121.23456pt x 121.23816pt.

<images/resize_br_TRD_dog.png, id=322, 200.75pt x 200.75pt>
File: images/resize_br_TRD_dog.png Graphic file (type png)

<use images/resize_br_TRD_dog.png>
Package pdftex.def Info: images/resize_br_TRD_dog.png used on input line 584.
(pdftex.def)             Requested size: 121.23456pt x 121.23816pt.

<images/resize_br_NC_dog.png, id=324, 200.75pt x 200.75pt>
File: images/resize_br_NC_dog.png Graphic file (type png)

<use images/resize_br_NC_dog.png>
Package pdftex.def Info: images/resize_br_NC_dog.png used on input line 584.
(pdftex.def)             Requested size: 121.23456pt x 121.23816pt.

<images/resize_br_NI_dog.png, id=326, 200.75pt x 200.75pt>
File: images/resize_br_NI_dog.png Graphic file (type png)

<use images/resize_br_NI_dog.png>
Package pdftex.def Info: images/resize_br_NI_dog.png used on input line 584.
(pdftex.def)             Requested size: 121.23456pt x 121.23816pt.

<images/resize_br_Guided_dog.png, id=328, 200.75pt x 200.75pt>
File: images/resize_br_Guided_dog.png Graphic file (type png)

<use images/resize_br_Guided_dog.png>
Package pdftex.def Info: images/resize_br_Guided_dog.png used on input line 584
.
(pdftex.def)             Requested size: 121.23456pt x 121.23816pt.

Overfull \hbox (0.58199pt too wide) in paragraph at lines 562--585
 [][] 
 []


Overfull \hbox (0.58199pt too wide) in paragraph at lines 562--585
 [][] 
 []


Underfull \vbox (badness 10000) has occurred while \output is active []

 [6 <./images/resize_br_Noisy_CC_Noisy_Nikon_D600_ISO_3200_C1_96.png (PNG copy)
> <./images/resize_br_Offline_CC_Noisy_Nikon_D600_ISO_3200_C1_96.png (PNG copy)
> <./images/resize_br_Online_CC_Noisy_Nikon_D600_ISO_3200_C1_96.png (PNG copy)>
 <./images/resize_br_Guided_CC_Noisy_Nikon_D600_ISO_3200_C1_96.png (PNG copy)> 
<./images/resize_br_Mean_CC_Noisy_Nikon_D600_ISO_3200_C1_96.png (PNG copy)> <./
images/resize_br_Noisy_CC_Noisy_Nikon_D600_ISO_3200_C1_94b.png (PNG copy)> <./i
mages/resize_br_Offline_CC_Noisy_Nikon_D600_ISO_3200_C1_94b.png (PNG copy)> <./
images/resize_br_Online_CC_Noisy_Nikon_D600_ISO_3200_C1_94b.png (PNG copy)> <./
images/resize_br_Guided_CC_Noisy_Nikon_D600_ISO_3200_C1_94b.png (PNG copy)> <./
images/resize_br_Mean_CC_Noisy_Nikon_D600_ISO_3200_C1_94b.png (PNG copy)>]

LaTeX Warning: Reference `fig7' on page 7 undefined on input line 605.


<images/resize_br_Noisy_5dmark3_iso3200_1_real.png, id=382, 256.96pt x 256.96pt
>
File: images/resize_br_Noisy_5dmark3_iso3200_1_real.png Graphic file (type png)

 <use images/resize_br_Noisy_5dmark3_iso3200_1_real.png>
Package pdftex.def Info: images/resize_br_Noisy_5dmark3_iso3200_1_real.png used
 on input line 737.
(pdftex.def)             Requested size: 96.8906pt x 96.88907pt.

<images/resize_br_CBM3D_5dmark3_iso3200_1_real.png, id=384, 256.96pt x 256.96pt
>
File: images/resize_br_CBM3D_5dmark3_iso3200_1_real.png Graphic file (type png)

 <use images/resize_br_CBM3D_5dmark3_iso3200_1_real.png>
Package pdftex.def Info: images/resize_br_CBM3D_5dmark3_iso3200_1_real.png used
 on input line 737.
(pdftex.def)             Requested size: 96.8906pt x 96.88907pt.

<images/resize_br_WNNM_5dmark3_iso3200_1_real.png, id=387, 256.96pt x 256.96pt>
File: images/resize_br_WNNM_5dmark3_iso3200_1_real.png Graphic file (type png)
<use images/resize_br_WNNM_5dmark3_iso3200_1_real.png>
Package pdftex.def Info: images/resize_br_WNNM_5dmark3_iso3200_1_real.png used 
on input line 737.
(pdftex.def)             Requested size: 96.8906pt x 96.88907pt.

<images/resize_br_MLP_5dmark3_iso3200_1_real.png, id=389, 256.96pt x 256.96pt>
File: images/resize_br_MLP_5dmark3_iso3200_1_real.png Graphic file (type png)

<use images/resize_br_MLP_5dmark3_iso3200_1_real.png>
Package pdftex.def Info: images/resize_br_MLP_5dmark3_iso3200_1_real.png used o
n input line 737.
(pdftex.def)             Requested size: 96.8906pt x 96.88907pt.

<images/resize_br_TRD_5dmark3_iso3200_1_real.png, id=391, 256.96pt x 256.96pt>
File: images/resize_br_TRD_5dmark3_iso3200_1_real.png Graphic file (type png)

<use images/resize_br_TRD_5dmark3_iso3200_1_real.png>
Package pdftex.def Info: images/resize_br_TRD_5dmark3_iso3200_1_real.png used o
n input line 737.
(pdftex.def)             Requested size: 96.8906pt x 96.88907pt.

<images/resize_br_NC_5dmark3_iso3200_1_real.png, id=393, 256.96pt x 256.96pt>
File: images/resize_br_NC_5dmark3_iso3200_1_real.png Graphic file (type png)

<use images/resize_br_NC_5dmark3_iso3200_1_real.png>
Package pdftex.def Info: images/resize_br_NC_5dmark3_iso3200_1_real.png used on
 input line 764.
(pdftex.def)             Requested size: 96.8906pt x 96.88907pt.

<images/resize_br_NI_5dmark3_iso3200_1_real.png, id=395, 256.96pt x 256.96pt>
File: images/resize_br_NI_5dmark3_iso3200_1_real.png Graphic file (type png)

<use images/resize_br_NI_5dmark3_iso3200_1_real.png>
Package pdftex.def Info: images/resize_br_NI_5dmark3_iso3200_1_real.png used on
 input line 764.
(pdftex.def)             Requested size: 96.8906pt x 96.88907pt.

<images/resize_br_CCNoise_5dmark3_iso3200_1.png, id=397, 256.96pt x 256.96pt>
File: images/resize_br_CCNoise_5dmark3_iso3200_1.png Graphic file (type png)

<use images/resize_br_CCNoise_5dmark3_iso3200_1.png>
Package pdftex.def Info: images/resize_br_CCNoise_5dmark3_iso3200_1.png used on
 input line 764.
(pdftex.def)             Requested size: 96.8906pt x 96.88907pt.

<images/resize_br_Guided_5dmark3_iso3200_1_real.png, id=399, 256.96pt x 256.96p
t>
File: images/resize_br_Guided_5dmark3_iso3200_1_real.png Graphic file (type png
)
 <use images/resize_br_Guided_5dmark3_iso3200_1_real.png>
Package pdftex.def Info: images/resize_br_Guided_5dmark3_iso3200_1_real.png use
d on input line 764.
(pdftex.def)             Requested size: 96.8906pt x 96.88907pt.

<images/resize_br_Mean_5dmark3_iso3200_1_real.png, id=400, 256.96pt x 256.96pt>
File: images/resize_br_Mean_5dmark3_iso3200_1_real.png Graphic file (type png)
<use images/resize_br_Mean_5dmark3_iso3200_1_real.png>
Package pdftex.def Info: images/resize_br_Mean_5dmark3_iso3200_1_real.png used 
on input line 764.
(pdftex.def)             Requested size: 96.8906pt x 96.88907pt.

Overfull \hbox (2.59673pt too wide) in paragraph at lines 737--765
 [][] 
 []


Overfull \hbox (2.59673pt too wide) in paragraph at lines 737--765
 [][] 
 []

[7 <./images/resize_br_Noisy_dog.png (PNG copy)> <./images/resize_br_BM3D_dog.p
ng (PNG copy)> <./images/resize_br_WNNM_dog.png (PNG copy)> <./images/resize_br
_MLP_dog.png (PNG copy)> <./images/resize_br_TRD_dog.png (PNG copy)> <./images/
resize_br_NC_dog.png (PNG copy)> <./images/resize_br_NI_dog.png (PNG copy)> <./
images/resize_br_Guided_dog.png (PNG copy)>]
Underfull \vbox (badness 10000) has occurred while \output is active []


(./CVPR2017_Review_Unified.bbl (./CVPR2017_Review_Unified.brf)
\tf@brf=\write3
\openout3 = `CVPR2017_Review_Unified.brf'.


Underfull \hbox (badness 1320) in paragraph at lines 8--8
\OT1/ptm/m/n/9 and re-dun-dant rep-re-sen-ta-tions over learned dic-tio-nar-ies
.
 []

[8 <./images/resize_br_Noisy_5dmark3_iso3200_1_real.png (PNG copy)> <./images/r
esize_br_CBM3D_5dmark3_iso3200_1_real.png (PNG copy)> <./images/resize_br_WNNM_
5dmark3_iso3200_1_real.png (PNG copy)> <./images/resize_br_MLP_5dmark3_iso3200_
1_real.png (PNG copy)> <./images/resize_br_TRD_5dmark3_iso3200_1_real.png (PNG 
copy)> <./images/resize_br_NC_5dmark3_iso3200_1_real.png (PNG copy)> <./images/
resize_br_NI_5dmark3_iso3200_1_real.png (PNG copy)> <./images/resize_br_CCNoise
_5dmark3_iso3200_1.png (PNG copy)> <./images/resize_br_Guided_5dmark3_iso3200_1
_real.png (PNG copy)> <./images/resize_br_Mean_5dmark3_iso3200_1_real.png (PNG 
copy)>]
Underfull \hbox (badness 7238) in paragraph at lines 129--129
[]\OT1/ptm/m/n/9 Neatlab AB-Soft.  Neat Im-age.  [][]$\OT1/pcr/m/n/9 https : / 
/ ni .
 []

)
Package atveryend Info: Empty hook `BeforeClearDocument' on input line 783.
 [9]
Package atveryend Info: Empty hook `AfterLastShipout' on input line 783.
 (./CVPR2017_Review_Unified.aux)
Package atveryend Info: Executing hook `AtVeryEndDocument' on input line 783.
Package atveryend Info: Executing hook `AtEndAfterFileList' on input line 783.
Package rerunfilecheck Info: File `CVPR2017_Review_Unified.brf' has not changed
.
(rerunfilecheck)             Checksum: B44285742B8AD927FE7A9A30F1F0936F;5980.


LaTeX Warning: There were undefined references.


LaTeX Warning: There were multiply-defined labels.

Package atveryend Info: Empty hook `AtVeryVeryEnd' on input line 783.
 ) 
Here is how much of TeX's memory you used:
 7552 strings out of 493091
 118608 string characters out of 6134517
 224211 words of memory out of 5000000
 10732 multiletter control sequences out of 15000+600000
 55144 words of font info for 125 fonts, out of 8000000 for 9000
 1141 hyphenation exceptions out of 8191
 34i,19n,30p,1382b,470s stack positions out of 5000i,500n,10000p,200000b,80000s
{c:/Software/texlive/2015/texmf-dist/fonts/enc/dvips/base/8r.enc}<c:/Software
/texlive/2015/texmf-dist/fonts/type1/public/amsfonts/cm/cmbx10.pfb><c:/Software
/texlive/2015/texmf-dist/fonts/type1/public/amsfonts/cm/cmbx7.pfb><c:/Software/
texlive/2015/texmf-dist/fonts/type1/public/amsfonts/cm/cmex10.pfb><c:/Software/
texlive/2015/texmf-dist/fonts/type1/public/amsfonts/cm/cmmi10.pfb><c:/Software/
texlive/2015/texmf-dist/fonts/type1/public/amsfonts/cm/cmmi5.pfb><c:/Software/t
exlive/2015/texmf-dist/fonts/type1/public/amsfonts/cm/cmmi7.pfb><c:/Software/te
xlive/2015/texmf-dist/fonts/type1/public/amsfonts/cm/cmmib10.pfb><c:/Software/t
exlive/2015/texmf-dist/fonts/type1/public/amsfonts/cmextra/cmmib7.pfb><c:/Softw
are/texlive/2015/texmf-dist/fonts/type1/public/amsfonts/cm/cmr10.pfb><c:/Softwa
re/texlive/2015/texmf-dist/fonts/type1/public/amsfonts/cm/cmr5.pfb><c:/Software
/texlive/2015/texmf-dist/fonts/type1/public/amsfonts/cm/cmr7.pfb><c:/Software/t
exlive/2015/texmf-dist/fonts/type1/public/amsfonts/cm/cmr9.pfb><c:/Software/tex
live/2015/texmf-dist/fonts/type1/public/amsfonts/cm/cmsy10.pfb><c:/Software/tex
live/2015/texmf-dist/fonts/type1/public/amsfonts/cm/cmsy7.pfb><c:/Software/texl
ive/2015/texmf-dist/fonts/type1/public/amsfonts/cm/cmsy9.pfb><c:/Software/texli
ve/2015/texmf-dist/fonts/type1/public/amsfonts/euler/eurb10.pfb><c:/Software/te
xlive/2015/texmf-dist/fonts/type1/public/amsfonts/symbols/msam10.pfb><c:/Softwa
re/texlive/2015/texmf-dist/fonts/type1/public/amsfonts/symbols/msbm10.pfb><c:/S
oftware/texlive/2015/texmf-dist/fonts/type1/urw/courier/ucrr8a.pfb><c:/Software
/texlive/2015/texmf-dist/fonts/type1/urw/helvetic/uhvb8a.pfb><c:/Software/texli
ve/2015/texmf-dist/fonts/type1/urw/helvetic/uhvr8a.pfb><c:/Software/texlive/201
5/texmf-dist/fonts/type1/urw/times/utmb8a.pfb><c:/Software/texlive/2015/texmf-d
ist/fonts/type1/urw/times/utmbi8a.pfb><c:/Software/texlive/2015/texmf-dist/font
s/type1/urw/times/utmr8a.pfb><c:/Software/texlive/2015/texmf-dist/fonts/type1/u
rw/times/utmri8a.pfb>
Output written on CVPR2017_Review_Unified.pdf (9 pages, 7210141 bytes).
PDF statistics:
 618 PDF objects out of 1000 (max. 8388607)
 515 compressed objects within 6 object streams
 87 named destinations out of 1000 (max. 500000)
 276 words of extra memory for PDF output out of 10000 (max. 10000000)

