This is pdfTeX, Version 3.14159265-2.6-1.40.16 (TeX Live 2015/W32TeX) (preloaded format=pdflatex 2015.9.12)  25 NOV 2016 18:58
entering extended mode
 restricted \write18 enabled.
 %&-line parsing enabled.
**./temp.tex
(./temp.tex
LaTeX2e <2015/01/01> patch level 2
Babel <3.9m> and hyphenation patterns for 79 languages loaded.
(c:/Software/texlive/2015/texmf-dist/tex/latex/base/article.cls
Document Class: article 2014/09/29 v1.4h Standard LaTeX document class
(c:/Software/texlive/2015/texmf-dist/tex/latex/base/size10.clo
File: size10.clo 2014/09/29 v1.4h Standard LaTeX file (size option)
)
\c@part=\count79
\c@section=\count80
\c@subsection=\count81
\c@subsubsection=\count82
\c@paragraph=\count83
\c@subparagraph=\count84
\c@figure=\count85
\c@table=\count86
\abovecaptionskip=\skip41
\belowcaptionskip=\skip42
\bibindent=\dimen102
) (./iccv.sty
(./eso-pic.sty
Package: eso-pic 2002/11/16 v1.1b eso-pic (RN)
 (./iccv_eso.sty

LaTeX Warning: You have requested package `eso-pic',
               but the package provides `everyshi'.

Package: everyshi 2001/05/15 v3.00 EveryShipout Package (MS)
) (c:/Software/texlive/2015/texmf-dist/tex/latex/graphics/keyval.sty
Package: keyval 2014/10/28 v1.15 key=value parser (DPC)
\KV@toks@=\toks14
))
(c:/Software/texlive/2015/texmf-dist/tex/latex/tools/xspace.sty
Package: xspace 2014/10/28 v1.13 Space after command names (DPC,MH)
)
ICCV 8.5 x 11-Inch Proceedings Style `iccv.sty'.
\@ctmp=\skip43
\@figindent=\skip44
\iccvrulerbox=\box26
\iccvrulercount=\count87
\iccvruleroffset=\dimen103
\cv@lineheight=\dimen104
\cv@boxheight=\dimen105
\cv@tmpbox=\box27
\cv@refno=\count88
\cv@tot=\count89
\cv@tmpc@=\count90
\cv@tmpc=\count91
) (c:/Software/texlive/2015/texmf-dist/tex/latex/psnfss/times.sty
Package: times 2005/04/12 PSNFSS-v9.2a (SPQR) 
)
(c:/Software/texlive/2015/texmf-dist/tex/latex/graphics/epsfig.sty
Package: epsfig 1999/02/16 v1.7a (e)psfig emulation (SPQR)

(c:/Software/texlive/2015/texmf-dist/tex/latex/graphics/graphicx.sty
Package: graphicx 2014/10/28 v1.0g Enhanced LaTeX Graphics (DPC,SPQR)

(c:/Software/texlive/2015/texmf-dist/tex/latex/graphics/graphics.sty
Package: graphics 2014/10/28 v1.0p Standard LaTeX Graphics (DPC,SPQR)

(c:/Software/texlive/2015/texmf-dist/tex/latex/graphics/trig.sty
Package: trig 1999/03/16 v1.09 sin cos tan (DPC)
)
(c:/Software/texlive/2015/texmf-dist/tex/latex/latexconfig/graphics.cfg
File: graphics.cfg 2010/04/23 v1.9 graphics configuration of TeX Live
)
Package graphics Info: Driver file: pdftex.def on input line 94.

(c:/Software/texlive/2015/texmf-dist/tex/latex/pdftex-def/pdftex.def
File: pdftex.def 2011/05/27 v0.06d Graphics/color for pdfTeX

(c:/Software/texlive/2015/texmf-dist/tex/generic/oberdiek/infwarerr.sty
Package: infwarerr 2010/04/08 v1.3 Providing info/warning/error messages (HO)
)
(c:/Software/texlive/2015/texmf-dist/tex/generic/oberdiek/ltxcmds.sty
Package: ltxcmds 2011/11/09 v1.22 LaTeX kernel commands for general use (HO)
)
\Gread@gobject=\count92
))
\Gin@req@height=\dimen106
\Gin@req@width=\dimen107
)
\epsfxsize=\dimen108
\epsfysize=\dimen109
)
(c:/Software/texlive/2015/texmf-dist/tex/latex/amsmath/amsmath.sty
Package: amsmath 2013/01/14 v2.14 AMS math features
\@mathmargin=\skip45

For additional information on amsmath, use the `?' option.
(c:/Software/texlive/2015/texmf-dist/tex/latex/amsmath/amstext.sty
Package: amstext 2000/06/29 v2.01

(c:/Software/texlive/2015/texmf-dist/tex/latex/amsmath/amsgen.sty
File: amsgen.sty 1999/11/30 v2.0
\@emptytoks=\toks15
\ex@=\dimen110
))
(c:/Software/texlive/2015/texmf-dist/tex/latex/amsmath/amsbsy.sty
Package: amsbsy 1999/11/29 v1.2d
\pmbraise@=\dimen111
)
(c:/Software/texlive/2015/texmf-dist/tex/latex/amsmath/amsopn.sty
Package: amsopn 1999/12/14 v2.01 operator names
)
\inf@bad=\count93
LaTeX Info: Redefining \frac on input line 210.
\uproot@=\count94
\leftroot@=\count95
LaTeX Info: Redefining \overline on input line 306.
\classnum@=\count96
\DOTSCASE@=\count97
LaTeX Info: Redefining \ldots on input line 378.
LaTeX Info: Redefining \dots on input line 381.
LaTeX Info: Redefining \cdots on input line 466.
\Mathstrutbox@=\box28
\strutbox@=\box29
\big@size=\dimen112
LaTeX Font Info:    Redeclaring font encoding OML on input line 566.
LaTeX Font Info:    Redeclaring font encoding OMS on input line 567.
\macc@depth=\count98
\c@MaxMatrixCols=\count99
\dotsspace@=\muskip10
\c@parentequation=\count100
\dspbrk@lvl=\count101
\tag@help=\toks16
\row@=\count102
\column@=\count103
\maxfields@=\count104
\andhelp@=\toks17
\eqnshift@=\dimen113
\alignsep@=\dimen114
\tagshift@=\dimen115
\tagwidth@=\dimen116
\totwidth@=\dimen117
\lineht@=\dimen118
\@envbody=\toks18
\multlinegap=\skip46
\multlinetaggap=\skip47
\mathdisplay@stack=\toks19
LaTeX Info: Redefining \[ on input line 2665.
LaTeX Info: Redefining \] on input line 2666.
)
(c:/Software/texlive/2015/texmf-dist/tex/latex/amsfonts/amssymb.sty
Package: amssymb 2013/01/14 v3.01 AMS font symbols

(c:/Software/texlive/2015/texmf-dist/tex/latex/amsfonts/amsfonts.sty
Package: amsfonts 2013/01/14 v3.01 Basic AMSFonts support
\symAMSa=\mathgroup4
\symAMSb=\mathgroup5
LaTeX Font Info:    Overwriting math alphabet `\mathfrak' in version `bold'
(Font)                  U/euf/m/n --> U/euf/b/n on input line 106.
))
(c:/Software/texlive/2015/texmf-dist/tex/latex/url/url.sty
\Urlmuskip=\muskip11
Package: url 2013/09/16  ver 3.4  Verb mode for urls, etc.
)
(c:/Software/texlive/2015/texmf-dist/tex/latex/subfigure/subfigure.sty
Package: subfigure 2002/03/15 v2.1.5 subfigure package
\subfigtopskip=\skip48
\subfigcapskip=\skip49
\subfigcaptopadj=\dimen119
\subfigbottomskip=\skip50
\subfigcapmargin=\dimen120
\subfiglabelskip=\skip51
\c@subfigure=\count105
\c@lofdepth=\count106
\c@subtable=\count107
\c@lotdepth=\count108

****************************************
* Local config file subfigure.cfg used *
****************************************
(c:/Software/texlive/2015/texmf-dist/tex/latex/subfigure/subfigure.cfg)
\subfig@top=\skip52
\subfig@bottom=\skip53
)
(c:/Software/texlive/2015/texmf-dist/tex/latex/lineno/lineno.sty
Package: lineno 2005/11/02 line numbers on paragraphs v4.41
\linenopenalty=\count109
\output=\toks20
\linenoprevgraf=\count110
\linenumbersep=\dimen121
\linenumberwidth=\dimen122
\c@linenumber=\count111
\c@pagewiselinenumber=\count112
\c@LN@truepage=\count113
\c@internallinenumber=\count114
\c@internallinenumbers=\count115
\quotelinenumbersep=\dimen123
\bframerule=\dimen124
\bframesep=\dimen125
\bframebox=\box30
LaTeX Info: Redefining \\ on input line 3056.
)
(c:/Software/texlive/2015/texmf-dist/tex/latex/setspace/setspace.sty
Package: setspace 2011/12/19 v6.7a set line spacing
)
(c:/Software/texlive/2015/texmf-dist/tex/latex/was/upgreek.sty
Package: upgreek 2003/02/12 v2.0 (WaS)
Package upgreek Info: Using Euler Roman for upright Greek on input line 31.
\symugrf@m=\mathgroup6
LaTeX Font Info:    Overwriting symbol font `ugrf@m' in version `bold'
(Font)                  U/eur/m/n --> U/eur/b/n on input line 38.
)
(c:/Software/texlive/2015/texmf-dist/tex/latex/natbib/natbib.sty
Package: natbib 2010/09/13 8.31b (PWD, AO)
\bibhang=\skip54
\bibsep=\skip55
LaTeX Info: Redefining \cite on input line 694.
\c@NAT@ctr=\count116
)
(c:/Software/texlive/2015/texmf-dist/tex/latex/graphics/color.sty
Package: color 2014/10/28 v1.1a Standard LaTeX Color (DPC)

(c:/Software/texlive/2015/texmf-dist/tex/latex/latexconfig/color.cfg
File: color.cfg 2007/01/18 v1.5 color configuration of teTeX/TeXLive
)
Package color Info: Driver file: pdftex.def on input line 142.
)
(c:/Software/texlive/2015/texmf-dist/tex/latex/preprint/authblk.sty
Package: authblk 2001/02/27 1.3 (PWD)
\affilsep=\skip56
\@affilsep=\skip57
\c@Maxaffil=\count117
\c@authors=\count118
\c@affil=\count119
)
(c:/Software/texlive/2015/texmf-dist/tex/latex/xpatch/xpatch.sty
(c:/Software/texlive/2015/texmf-dist/tex/latex/l3kernel/expl3.sty
Package: expl3 2015/09/06 v5925 L3 programming layer (loader) 

(c:/Software/texlive/2015/texmf-dist/tex/latex/l3kernel/expl3-code.tex
Package: expl3 2015/09/06 v5925 L3 programming layer (code) 
L3 Module: l3bootstrap 2015/07/31 v5729 L3 Bootstrap code
L3 Module: l3names 2015/08/17 v5848 L3 Namespace for primitives
L3 Module: l3basics 2015/08/28 v5897 L3 Basic definitions
L3 Module: l3expan 2015/08/28 v5897 L3 Argument expansion
L3 Module: l3tl 2015/09/02 v5908 L3 Token lists
L3 Module: l3str 2015/09/05 v5920 L3 Strings
L3 Module: l3seq 2015/08/05 v5777 L3 Sequences and stacks
L3 Module: l3int 2015/08/24 v5885 L3 Integers
\c_max_int=\count120
\l_tmpa_int=\count121
\l_tmpb_int=\count122
\g_tmpa_int=\count123
\g_tmpb_int=\count124
L3 Module: l3quark 2015/08/17 v5855 L3 Quarks
L3 Module: l3prg 2015/08/25 v5891 L3 Control structures
\g__prg_map_int=\count125
L3 Module: l3clist 2015/09/02 v5901 L3 Comma separated lists
L3 Module: l3token 2015/08/26 v5893 L3 Experimental token manipulation
L3 Module: l3prop 2015/08/05 v5777 L3 Property lists
L3 Module: l3msg 2015/08/25 v5891 L3 Messages
L3 Module: l3file 2015/08/05 v5786 L3 File and I/O operations
\l_iow_line_count_int=\count126
\l__iow_target_count_int=\count127
\l__iow_current_line_int=\count128
\l__iow_current_word_int=\count129
\l__iow_current_indentation_int=\count130
L3 Module: l3skip 2015/08/26 v5893 L3 Dimensions and skips
\c_zero_dim=\dimen126
\c_max_dim=\dimen127
\l_tmpa_dim=\dimen128
\l_tmpb_dim=\dimen129
\g_tmpa_dim=\dimen130
\g_tmpb_dim=\dimen131
\c_zero_skip=\skip58
\c_max_skip=\skip59
\l_tmpa_skip=\skip60
\l_tmpb_skip=\skip61
\g_tmpa_skip=\skip62
\g_tmpb_skip=\skip63
\c_zero_muskip=\muskip12
\c_max_muskip=\muskip13
\l_tmpa_muskip=\muskip14
\l_tmpb_muskip=\muskip15
\g_tmpa_muskip=\muskip16
\g_tmpb_muskip=\muskip17
L3 Module: l3keys 2015/08/20 v5869 L3 Key-value interfaces
\g__keyval_level_int=\count131
\l_keys_choice_int=\count132
L3 Module: l3fp 2015/08/25 v5890 L3 Floating points
\c__fp_leading_shift_int=\count133
\c__fp_middle_shift_int=\count134
\c__fp_trailing_shift_int=\count135
\c__fp_big_leading_shift_int=\count136
\c__fp_big_middle_shift_int=\count137
\c__fp_big_trailing_shift_int=\count138
\c__fp_Bigg_leading_shift_int=\count139
\c__fp_Bigg_middle_shift_int=\count140
\c__fp_Bigg_trailing_shift_int=\count141
L3 Module: l3box 2015/08/09 v5822 L3 Experimental boxes
\c_empty_box=\box31
\l_tmpa_box=\box32
\l_tmpb_box=\box33
\g_tmpa_box=\box34
\g_tmpb_box=\box35
L3 Module: l3coffins 2015/08/06 v5789 L3 Coffin code layer
\l__coffin_internal_box=\box36
\l__coffin_internal_dim=\dimen132
\l__coffin_offset_x_dim=\dimen133
\l__coffin_offset_y_dim=\dimen134
\l__coffin_x_dim=\dimen135
\l__coffin_y_dim=\dimen136
\l__coffin_x_prime_dim=\dimen137
\l__coffin_y_prime_dim=\dimen138
\c_empty_coffin=\box37
\l__coffin_aligned_coffin=\box38
\l__coffin_aligned_internal_coffin=\box39
\l_tmpa_coffin=\box40
\l_tmpb_coffin=\box41
\l__coffin_display_coffin=\box42
\l__coffin_display_coord_coffin=\box43
\l__coffin_display_pole_coffin=\box44
\l__coffin_display_offset_dim=\dimen139
\l__coffin_display_x_dim=\dimen140
\l__coffin_display_y_dim=\dimen141
L3 Module: l3color 2014/08/23 v5354 L3 Experimental color support
L3 Module: l3candidates 2015/09/03 v5911 L3 Experimental additions to l3kernel
\l__box_top_dim=\dimen142
\l__box_bottom_dim=\dimen143
\l__box_left_dim=\dimen144
\l__box_right_dim=\dimen145
\l__box_top_new_dim=\dimen146
\l__box_bottom_new_dim=\dimen147
\l__box_left_new_dim=\dimen148
\l__box_right_new_dim=\dimen149
\l__box_internal_box=\box45
\l__coffin_bounding_shift_dim=\dimen150
\l__coffin_left_corner_dim=\dimen151
\l__coffin_right_corner_dim=\dimen152
\l__coffin_bottom_corner_dim=\dimen153
\l__coffin_top_corner_dim=\dimen154
\l__coffin_scaled_total_height_dim=\dimen155
\l__coffin_scaled_width_dim=\dimen156
L3 Module: l3luatex 2015/06/30 v5646 L3 Experimental LuaTeX-specific functions
)
(c:/Software/texlive/2015/texmf-dist/tex/latex/l3kernel/l3unicode-data.def
File: l3unicode-data.def 2015/07/20 v5676 L3 Unicode data
)
(c:/Software/texlive/2015/texmf-dist/tex/latex/l3kernel/l3pdfmode.def
File: l3pdfmode.def 2015/06/30 v5646 L3 Experimental driver: PDF mode
\l__driver_color_stack_int=\count142
))
Package: xpatch 2012/10/02 v0.3 Extending etoolbox patching commands

(c:/Software/texlive/2015/texmf-dist/tex/latex/l3packages/xparse/xparse.sty
Package: xparse 2015/09/06 v5925 L3 Experimental document command parser
\l__xparse_current_arg_int=\count143
\l__xparse_m_args_int=\count144
\l__xparse_mandatory_args_int=\count145
\l__xparse_processor_int=\count146
\l__xparse_v_nesting_int=\count147
)
(c:/Software/texlive/2015/texmf-dist/tex/latex/etoolbox/etoolbox.sty
Package: etoolbox 2015/08/02 v2.2a e-TeX tools for LaTeX (JAW)
\etb@tempcnta=\count148
)
.................................................
. LaTeX info: "xparse/define-command"
. 
. Defining command \xpatchcmd with sig. '' on line 125.
.................................................
.................................................
. LaTeX info: "xparse/define-command"
. 
. Defining command \xpretocmd with sig. '' on line 126.
.................................................
.................................................
. LaTeX info: "xparse/define-command"
. 
. Defining command \xapptocmd with sig. '' on line 127.
.................................................
.................................................
. LaTeX info: "xparse/define-command"
. 
. Defining command \xshowcmd with sig. '' on line 128.
.................................................
.................................................
. LaTeX info: "xparse/define-command"
. 
. Defining command \xpatchbibmacro with sig. 'm' on line 131.
.................................................
.................................................
. LaTeX info: "xparse/define-command"
. 
. Defining command \xpretobibmacro with sig. 'm' on line 133.
.................................................
.................................................
. LaTeX info: "xparse/define-command"
. 
. Defining command \xapptobibmacro with sig. 'm' on line 135.
.................................................
.................................................
. LaTeX info: "xparse/define-command"
. 
. Defining command \xshowbibmacro with sig. 'm' on line 137.
.................................................
.................................................
. LaTeX info: "xparse/define-command"
. 
. Defining command \xpatchfieldformat with sig. 'O{*}m' on line 139.
.................................................
.................................................
. LaTeX info: "xparse/define-command"
. 
. Defining command \xpretofieldformat with sig. 'O{*}m' on line 141.
.................................................
.................................................
. LaTeX info: "xparse/define-command"
. 
. Defining command \xapptofieldformat with sig. 'O{*}m' on line 143.
.................................................
.................................................
. LaTeX info: "xparse/define-command"
. 
. Defining command \xshowfieldformat with sig. 'O{*}m' on line 145.
.................................................
.................................................
. LaTeX info: "xparse/define-command"
. 
. Defining command \xpatchnameformat with sig. 'O{*}m' on line 147.
.................................................
.................................................
. LaTeX info: "xparse/define-command"
. 
. Defining command \xpretonameformat with sig. 'O{*}m' on line 149.
.................................................
.................................................
. LaTeX info: "xparse/define-command"
. 
. Defining command \xapptonameformat with sig. 'O{*}m' on line 151.
.................................................
.................................................
. LaTeX info: "xparse/define-command"
. 
. Defining command \xshownameformat with sig. 'O{*}m' on line 153.
.................................................
.................................................
. LaTeX info: "xparse/define-command"
. 
. Defining command \xpatchlistformat with sig. 'O{*}m' on line 155.
.................................................
.................................................
. LaTeX info: "xparse/define-command"
. 
. Defining command \xpretolistformat with sig. 'O{*}m' on line 157.
.................................................
.................................................
. LaTeX info: "xparse/define-command"
. 
. Defining command \xapptolistformat with sig. 'O{*}m' on line 159.
.................................................
.................................................
. LaTeX info: "xparse/define-command"
. 
. Defining command \xshowlistformat with sig. 'O{*}m' on line 161.
.................................................
.................................................
. LaTeX info: "xparse/define-command"
. 
. Defining command \xpatchindexfieldformat with sig. 'O{*}m' on line 163.
.................................................
.................................................
. LaTeX info: "xparse/define-command"
. 
. Defining command \xpretoindexfieldformat with sig. 'O{*}m' on line 165.
.................................................
.................................................
. LaTeX info: "xparse/define-command"
. 
. Defining command \xapptoindexfieldformat with sig. 'O{*}m' on line 167.
.................................................
.................................................
. LaTeX info: "xparse/define-command"
. 
. Defining command \xshowindexfieldformat with sig. 'O{*}m' on line 169.
.................................................
.................................................
. LaTeX info: "xparse/define-command"
. 
. Defining command \xpatchindexnameformat with sig. 'O{*}m' on line 171.
.................................................
.................................................
. LaTeX info: "xparse/define-command"
. 
. Defining command \xpretoindexnameformat with sig. 'O{*}m' on line 173.
.................................................
.................................................
. LaTeX info: "xparse/define-command"
. 
. Defining command \xapptoindexnameformat with sig. 'O{*}m' on line 175.
.................................................
.................................................
. LaTeX info: "xparse/define-command"
. 
. Defining command \xshowindexnameformat with sig. 'O{*}m' on line 177.
.................................................
.................................................
. LaTeX info: "xparse/define-command"
. 
. Defining command \xpatchindexlistformat with sig. 'O{*}m' on line 179.
.................................................
.................................................
. LaTeX info: "xparse/define-command"
. 
. Defining command \xpretoindexlistformat with sig. 'O{*}m' on line 181.
.................................................
.................................................
. LaTeX info: "xparse/define-command"
. 
. Defining command \xappindextolistformat with sig. 'O{*}m' on line 183.
.................................................
.................................................
. LaTeX info: "xparse/define-command"
. 
. Defining command \xshowindexlistformat with sig. 'O{*}m' on line 185.
.................................................
.................................................
. LaTeX info: "xparse/define-command"
. 
. Defining command \xpatchbibdriver with sig. 'm' on line 187.
.................................................
.................................................
. LaTeX info: "xparse/define-command"
. 
. Defining command \xpretobibdriver with sig. 'm' on line 189.
.................................................
.................................................
. LaTeX info: "xparse/define-command"
. 
. Defining command \xapptobibdriver with sig. 'm' on line 191.
.................................................
.................................................
. LaTeX info: "xparse/define-command"
. 
. Defining command \xshowbibdriver with sig. 'm' on line 193.
.................................................
)
(c:/Software/texlive/2015/texmf-dist/tex/latex/tools/bm.sty
Package: bm 2014/10/28 v1.1c Bold Symbol Support (DPC/FMi)
\symboldoperators=\mathgroup7
\symboldletters=\mathgroup8
\symboldsymbols=\mathgroup9
\symboldugrf@m=\mathgroup10
LaTeX Font Info:    Redeclaring math alphabet \mathbf on input line 141.
LaTeX Info: Redefining \bm on input line 207.
)
(c:/Software/texlive/2015/texmf-dist/tex/latex/multirow/multirow.sty
\bigstrutjot=\dimen157
)
(c:/Software/texlive/2015/texmf-dist/tex/latex/arydshln/arydshln.sty
Package: arydshln 2004/08/31 v1.71 
\dashlinedash=\dimen158
\dashlinegap=\dimen159
\adl@box=\box46
\adl@height=\dimen160
\adl@heightsave=\dimen161
\adl@depth=\dimen162
\adl@depthsave=\dimen163
\adl@finaldepth=\dimen164
\adl@columns=\count149
\adl@ncol=\count150
\adl@currentcolumn=\count151
\adl@currentcolumnsave=\count152
\adl@totalheight=\count153
\adl@totalheightsave=\count154
\adl@dash=\count155
\adl@gap=\count156
\adl@cla=\count157
\adl@clb=\count158
\adl@everyvbox=\toks21
\adl@LTpagetotal=\dimen165
)
(c:/Software/texlive/2015/texmf-dist/tex/latex/hyperref/hyperref.sty
Package: hyperref 2012/11/06 v6.83m Hypertext links for LaTeX

(c:/Software/texlive/2015/texmf-dist/tex/generic/oberdiek/hobsub-hyperref.sty
Package: hobsub-hyperref 2012/05/28 v1.13 Bundle oberdiek, subset hyperref (HO)


(c:/Software/texlive/2015/texmf-dist/tex/generic/oberdiek/hobsub-generic.sty
Package: hobsub-generic 2012/05/28 v1.13 Bundle oberdiek, subset generic (HO)
Package: hobsub 2012/05/28 v1.13 Construct package bundles (HO)
Package hobsub Info: Skipping package `infwarerr' (already loaded).
Package hobsub Info: Skipping package `ltxcmds' (already loaded).
Package: ifluatex 2010/03/01 v1.3 Provides the ifluatex switch (HO)
Package ifluatex Info: LuaTeX not detected.
Package: ifvtex 2010/03/01 v1.5 Detect VTeX and its facilities (HO)
Package ifvtex Info: VTeX not detected.
Package: intcalc 2007/09/27 v1.1 Expandable calculations with integers (HO)
Package: ifpdf 2011/01/30 v2.3 Provides the ifpdf switch (HO)
Package ifpdf Info: pdfTeX in PDF mode is detected.
Package: etexcmds 2011/02/16 v1.5 Avoid name clashes with e-TeX commands (HO)
Package etexcmds Info: Could not find \expanded.
(etexcmds)             That can mean that you are not using pdfTeX 1.50 or
(etexcmds)             that some package has redefined \expanded.
(etexcmds)             In the latter case, load this package earlier.
Package: kvsetkeys 2012/04/25 v1.16 Key value parser (HO)
Package: kvdefinekeys 2011/04/07 v1.3 Define keys (HO)
Package: pdftexcmds 2011/11/29 v0.20 Utility functions of pdfTeX for LuaTeX (HO
)
Package pdftexcmds Info: LuaTeX not detected.
Package pdftexcmds Info: \pdf@primitive is available.
Package pdftexcmds Info: \pdf@ifprimitive is available.
Package pdftexcmds Info: \pdfdraftmode found.
Package: pdfescape 2011/11/25 v1.13 Implements pdfTeX's escape features (HO)
Package: bigintcalc 2012/04/08 v1.3 Expandable calculations on big integers (HO
)
Package: bitset 2011/01/30 v1.1 Handle bit-vector datatype (HO)
Package: uniquecounter 2011/01/30 v1.2 Provide unlimited unique counter (HO)
)
Package hobsub Info: Skipping package `hobsub' (already loaded).
Package: letltxmacro 2010/09/02 v1.4 Let assignment for LaTeX macros (HO)
Package: hopatch 2012/05/28 v1.2 Wrapper for package hooks (HO)
Package: xcolor-patch 2011/01/30 xcolor patch
Package: atveryend 2011/06/30 v1.8 Hooks at the very end of document (HO)
Package: atbegshi 2011/10/05 v1.16 At begin shipout hook (HO)
Package: refcount 2011/10/16 v3.4 Data extraction from label references (HO)
Package: hycolor 2011/01/30 v1.7 Color options for hyperref/bookmark (HO)
)
(c:/Software/texlive/2015/texmf-dist/tex/generic/ifxetex/ifxetex.sty
Package: ifxetex 2010/09/12 v0.6 Provides ifxetex conditional
)
(c:/Software/texlive/2015/texmf-dist/tex/latex/oberdiek/auxhook.sty
Package: auxhook 2011/03/04 v1.3 Hooks for auxiliary files (HO)
)
(c:/Software/texlive/2015/texmf-dist/tex/latex/oberdiek/kvoptions.sty
Package: kvoptions 2011/06/30 v3.11 Key value format for package options (HO)
)
\@linkdim=\dimen166
\Hy@linkcounter=\count159
\Hy@pagecounter=\count160

(c:/Software/texlive/2015/texmf-dist/tex/latex/hyperref/pd1enc.def
File: pd1enc.def 2012/11/06 v6.83m Hyperref: PDFDocEncoding definition (HO)
)
\Hy@SavedSpaceFactor=\count161

(c:/Software/texlive/2015/texmf-dist/tex/latex/latexconfig/hyperref.cfg
File: hyperref.cfg 2002/06/06 v1.2 hyperref configuration of TeXLive
)
Package hyperref Info: Option `breaklinks' set `true' on input line 4319.


Package hyperref Warning: Option `letterpaper' is no longer used.

Package hyperref Info: Option `colorlinks' set `true' on input line 4319.
Package hyperref Info: Option `bookmarks' set `false' on input line 4319.
Package hyperref Info: Hyper figures OFF on input line 4443.
Package hyperref Info: Link nesting OFF on input line 4448.
Package hyperref Info: Hyper index ON on input line 4451.
Package hyperref Info: Plain pages OFF on input line 4458.
Package hyperref Info: Backreferencing ON on input line 4461.
Package hyperref Info: Implicit mode ON; LaTeX internals redefined.
Package hyperref Info: Bookmarks OFF on input line 4694.
(c:/Software/texlive/2015/texmf-dist/tex/latex/hyperref/backref.sty
Package: backref 2012/07/25 v1.38 Bibliographical back referencing

(c:/Software/texlive/2015/texmf-dist/tex/latex/oberdiek/rerunfilecheck.sty
Package: rerunfilecheck 2011/04/15 v1.7 Rerun checks for auxiliary files (HO)
Package uniquecounter Info: New unique counter `rerunfilecheck' on input line 2
82.
))
\c@Hy@tempcnt=\count162
LaTeX Info: Redefining \url on input line 5041.
\XeTeXLinkMargin=\dimen167
\Fld@menulength=\count163
\Field@Width=\dimen168
\Fld@charsize=\dimen169
Package hyperref Info: Hyper figures OFF on input line 6295.
Package hyperref Info: Link nesting OFF on input line 6300.
Package hyperref Info: Hyper index ON on input line 6303.
Package hyperref Info: backreferencing ON on input line 6308.
Package hyperref Info: Link coloring ON on input line 6313.
Package hyperref Info: Link coloring with OCG OFF on input line 6320.
Package hyperref Info: PDF/A mode OFF on input line 6325.
LaTeX Info: Redefining \ref on input line 6365.
LaTeX Info: Redefining \pageref on input line 6369.
\Hy@abspage=\count164
\c@Item=\count165
\c@Hfootnote=\count166
)

Package hyperref Message: Driver (autodetected): hpdftex.

(c:/Software/texlive/2015/texmf-dist/tex/latex/hyperref/hpdftex.def
File: hpdftex.def 2012/11/06 v6.83m Hyperref driver for pdfTeX
\Fld@listcount=\count167
\c@bookmark@seq@number=\count168
\Hy@SectionHShift=\skip64
)
(./temp.aux)
\openout1 = `temp.aux'.

LaTeX Font Info:    Checking defaults for OML/cmm/m/it on input line 46.
LaTeX Font Info:    ... okay on input line 46.
LaTeX Font Info:    Checking defaults for T1/cmr/m/n on input line 46.
LaTeX Font Info:    ... okay on input line 46.
LaTeX Font Info:    Checking defaults for OT1/cmr/m/n on input line 46.
LaTeX Font Info:    ... okay on input line 46.
LaTeX Font Info:    Checking defaults for OMS/cmsy/m/n on input line 46.
LaTeX Font Info:    ... okay on input line 46.
LaTeX Font Info:    Checking defaults for OMX/cmex/m/n on input line 46.
LaTeX Font Info:    ... okay on input line 46.
LaTeX Font Info:    Checking defaults for U/cmr/m/n on input line 46.
LaTeX Font Info:    ... okay on input line 46.
LaTeX Font Info:    Checking defaults for PD1/pdf/m/n on input line 46.
LaTeX Font Info:    ... okay on input line 46.
LaTeX Font Info:    Try loading font information for OT1+ptm on input line 46.
 (c:/Software/texlive/2015/texmf-dist/tex/latex/psnfss/ot1ptm.fd
File: ot1ptm.fd 2001/06/04 font definitions for OT1/ptm.
)
ABD: EveryShipout initializing macros
(c:/Software/texlive/2015/texmf-dist/tex/context/base/supp-pdf.mkii
[Loading MPS to PDF converter (version 2006.09.02).]
\scratchcounter=\count169
\scratchdimen=\dimen170
\scratchbox=\box47
\nofMPsegments=\count170
\nofMParguments=\count171
\everyMPshowfont=\toks22
\MPscratchCnt=\count172
\MPscratchDim=\dimen171
\MPnumerator=\count173
\makeMPintoPDFobject=\count174
\everyMPtoPDFconversion=\toks23
) (c:/Software/texlive/2015/texmf-dist/tex/latex/oberdiek/epstopdf-base.sty
Package: epstopdf-base 2010/02/09 v2.5 Base part for package epstopdf

(c:/Software/texlive/2015/texmf-dist/tex/latex/oberdiek/grfext.sty
Package: grfext 2010/08/19 v1.1 Manage graphics extensions (HO)
)
Package grfext Info: Graphics extension search list:
(grfext)             [.png,.pdf,.jpg,.mps,.jpeg,.jbig2,.jb2,.PNG,.PDF,.JPG,.JPE
G,.JBIG2,.JB2,.eps]
(grfext)             \AppendGraphicsExtensions on input line 452.

(c:/Software/texlive/2015/texmf-dist/tex/latex/latexconfig/epstopdf-sys.cfg
File: epstopdf-sys.cfg 2010/07/13 v1.3 Configuration of (r)epstopdf for TeX Liv
e
))
\AtBeginShipoutBox=\box48
Package atbegshi Info: Package `everyshi' patched.
Package backref Info: ** backref set up for natbib ** on input line 46.
Package hyperref Info: Link coloring ON on input line 46.

(c:/Software/texlive/2015/texmf-dist/tex/latex/hyperref/nameref.sty
Package: nameref 2012/10/27 v2.43 Cross-referencing by name of section

(c:/Software/texlive/2015/texmf-dist/tex/generic/oberdiek/gettitlestring.sty
Package: gettitlestring 2010/12/03 v1.4 Cleanup title references (HO)
)
\c@section@level=\count175
)
LaTeX Info: Redefining \ref on input line 46.
LaTeX Info: Redefining \pageref on input line 46.
LaTeX Info: Redefining \nameref on input line 46.
LaTeX Font Info:    Font shape `OT1/ptm/bx/n' in size <14.4> not available
(Font)              Font shape `OT1/ptm/b/n' tried instead on input line 60.
LaTeX Font Info:    Try loading font information for U+msa on input line 60.

(c:/Software/texlive/2015/texmf-dist/tex/latex/amsfonts/umsa.fd
File: umsa.fd 2013/01/14 v3.01 AMS symbols A
)
LaTeX Font Info:    Try loading font information for U+msb on input line 60.

(c:/Software/texlive/2015/texmf-dist/tex/latex/amsfonts/umsb.fd
File: umsb.fd 2013/01/14 v3.01 AMS symbols B
)
LaTeX Font Info:    Font shape `OT1/ptm/bx/n' in size <12> not available
(Font)              Font shape `OT1/ptm/b/n' tried instead on input line 60.

<images/resize_br_Noisy_CC_Noisy_Nikon_D800_ISO_3200_A3_66.png, id=63, 250.9375
pt x 250.9375pt>
File: images/resize_br_Noisy_CC_Noisy_Nikon_D800_ISO_3200_A3_66.png Graphic fil
e (type png)

<use images/resize_br_Noisy_CC_Noisy_Nikon_D800_ISO_3200_A3_66.png>
Package pdftex.def Info: images/resize_br_Noisy_CC_Noisy_Nikon_D800_ISO_3200_A3
_66.png used on input line 101.
(pdftex.def)             Requested size: 96.8906pt x 96.89265pt.

<images/resize_br_CBM3D_CC_Noisy_Nikon_D800_ISO_3200_A3_66.png, id=65, 250.9375
pt x 250.9375pt>
File: images/resize_br_CBM3D_CC_Noisy_Nikon_D800_ISO_3200_A3_66.png Graphic fil
e (type png)

<use images/resize_br_CBM3D_CC_Noisy_Nikon_D800_ISO_3200_A3_66.png>
Package pdftex.def Info: images/resize_br_CBM3D_CC_Noisy_Nikon_D800_ISO_3200_A3
_66.png used on input line 101.
(pdftex.def)             Requested size: 96.8906pt x 96.89265pt.

<images/resize_br_WNNM_CC_Noisy_Nikon_D800_ISO_3200_A3_66.png, id=68, 250.9375p
t x 250.9375pt>
File: images/resize_br_WNNM_CC_Noisy_Nikon_D800_ISO_3200_A3_66.png Graphic file
 (type png)

<use images/resize_br_WNNM_CC_Noisy_Nikon_D800_ISO_3200_A3_66.png>
Package pdftex.def Info: images/resize_br_WNNM_CC_Noisy_Nikon_D800_ISO_3200_A3_
66.png used on input line 101.
(pdftex.def)             Requested size: 96.8906pt x 96.89265pt.

<images/resize_br_MLP_CC_Noisy_Nikon_D800_ISO_3200_A3_66.png, id=70, 250.9375pt
 x 250.9375pt>
File: images/resize_br_MLP_CC_Noisy_Nikon_D800_ISO_3200_A3_66.png Graphic file 
(type png)

<use images/resize_br_MLP_CC_Noisy_Nikon_D800_ISO_3200_A3_66.png>
Package pdftex.def Info: images/resize_br_MLP_CC_Noisy_Nikon_D800_ISO_3200_A3_6
6.png used on input line 101.
(pdftex.def)             Requested size: 96.8906pt x 96.89265pt.

<images/resize_br_CSF_CC_Noisy_Nikon_D800_ISO_3200_A3_66.png, id=72, 250.9375pt
 x 250.9375pt>
File: images/resize_br_CSF_CC_Noisy_Nikon_D800_ISO_3200_A3_66.png Graphic file 
(type png)

<use images/resize_br_CSF_CC_Noisy_Nikon_D800_ISO_3200_A3_66.png>
Package pdftex.def Info: images/resize_br_CSF_CC_Noisy_Nikon_D800_ISO_3200_A3_6
6.png used on input line 101.
(pdftex.def)             Requested size: 96.8906pt x 96.89265pt.

<images/resize_br_TRD_CC_Noisy_Nikon_D800_ISO_3200_A3_66.png, id=74, 250.9375pt
 x 250.9375pt>
File: images/resize_br_TRD_CC_Noisy_Nikon_D800_ISO_3200_A3_66.png Graphic file 
(type png)

<use images/resize_br_TRD_CC_Noisy_Nikon_D800_ISO_3200_A3_66.png>
Package pdftex.def Info: images/resize_br_TRD_CC_Noisy_Nikon_D800_ISO_3200_A3_6
6.png used on input line 128.
(pdftex.def)             Requested size: 96.8906pt x 96.89265pt.

<images/resize_br_NI_CC_Noisy_Nikon_D800_ISO_3200_A3_66.png, id=76, 250.9375pt 
x 250.9375pt>
File: images/resize_br_NI_CC_Noisy_Nikon_D800_ISO_3200_A3_66.png Graphic file (
type png)
 <use images/resize_br_NI_CC_Noisy_Nikon_D800_ISO_3200_A3_66.png>
Package pdftex.def Info: images/resize_br_NI_CC_Noisy_Nikon_D800_ISO_3200_A3_66
.png used on input line 128.
(pdftex.def)             Requested size: 96.8906pt x 96.89265pt.

<images/resize_br_NC_CC_Noisy_Nikon_D800_ISO_3200_A3_66.png, id=78, 250.9375pt 
x 250.9375pt>
File: images/resize_br_NC_CC_Noisy_Nikon_D800_ISO_3200_A3_66.png Graphic file (
type png)
 <use images/resize_br_NC_CC_Noisy_Nikon_D800_ISO_3200_A3_66.png>
Package pdftex.def Info: images/resize_br_NC_CC_Noisy_Nikon_D800_ISO_3200_A3_66
.png used on input line 128.
(pdftex.def)             Requested size: 96.8906pt x 96.89265pt.

<images/resize_br_Guided_CC_Noisy_Nikon_D800_ISO_3200_A3_66.png, id=81, 250.937
5pt x 250.9375pt>
File: images/resize_br_Guided_CC_Noisy_Nikon_D800_ISO_3200_A3_66.png Graphic fi
le (type png)

<use images/resize_br_Guided_CC_Noisy_Nikon_D800_ISO_3200_A3_66.png>
Package pdftex.def Info: images/resize_br_Guided_CC_Noisy_Nikon_D800_ISO_3200_A
3_66.png used on input line 128.
(pdftex.def)             Requested size: 96.8906pt x 96.89265pt.
LaTeX Font Info:    Font shape `OT1/ptm/bx/n' in size <8> not available
(Font)              Font shape `OT1/ptm/b/n' tried instead on input line 128.

<images/resize_br_Mean_CC_Noisy_Nikon_D800_ISO_3200_A3_66.png, id=82, 250.9375p
t x 250.9375pt>
File: images/resize_br_Mean_CC_Noisy_Nikon_D800_ISO_3200_A3_66.png Graphic file
 (type png)

<use images/resize_br_Mean_CC_Noisy_Nikon_D800_ISO_3200_A3_66.png>
Package pdftex.def Info: images/resize_br_Mean_CC_Noisy_Nikon_D800_ISO_3200_A3_
66.png used on input line 128.
(pdftex.def)             Requested size: 96.8906pt x 96.89265pt.

Overfull \hbox (2.59673pt too wide) in paragraph at lines 101--129
 [][] 
 []


Overfull \hbox (2.59673pt too wide) in paragraph at lines 101--129
 [][] 
 []


Underfull \vbox (badness 3746) has occurred while \output is active []

 [1{c:/Software/texlive/2015/texmf-var/fonts/map/pdftex/updmap/pdftex.map}


]
<Flowchart.pdf, id=121, 844.65562pt x 596.98032pt>
File: Flowchart.pdf Graphic file (type pdf)
 <use Flowchart.pdf>
Package pdftex.def Info: Flowchart.pdf used on input line 137.
(pdftex.def)             Requested size: 472.01192pt x 333.6144pt.
LaTeX Font Info:    Font shape `OT1/ptm/bx/n' in size <10> not available
(Font)              Font shape `OT1/ptm/b/n' tried instead on input line 148.
LaTeX Font Info:    Font shape `OT1/ptm/bx/it' in size <10> not available
(Font)              Font shape `OT1/ptm/b/it' tried instead on input line 148.

Overfull \hbox (58.67165pt too wide) in paragraph at lines 157--157
[] \OT1/ptm/b/n/12 . [] 
 []

[2 <./images/resize_br_Noisy_CC_Noisy_Nikon_D800_ISO_3200_A3_66.png (PNG copy)>
 <./images/resize_br_CBM3D_CC_Noisy_Nikon_D800_ISO_3200_A3_66.png (PNG copy)> <
./images/resize_br_WNNM_CC_Noisy_Nikon_D800_ISO_3200_A3_66.png (PNG copy)> <./i
mages/resize_br_MLP_CC_Noisy_Nikon_D800_ISO_3200_A3_66.png (PNG copy)> <./image
s/resize_br_CSF_CC_Noisy_Nikon_D800_ISO_3200_A3_66.png (PNG copy)> <./images/re
size_br_TRD_CC_Noisy_Nikon_D800_ISO_3200_A3_66.png (PNG copy)> <./images/resize
_br_NI_CC_Noisy_Nikon_D800_ISO_3200_A3_66.png (PNG copy)> <./images/resize_br_N
C_CC_Noisy_Nikon_D800_ISO_3200_A3_66.png (PNG copy)> <./images/resize_br_Guided
_CC_Noisy_Nikon_D800_ISO_3200_A3_66.png (PNG copy)> <./images/resize_br_Mean_CC
_Noisy_Nikon_D800_ISO_3200_A3_66.png (PNG copy)>] [3 <./Flowchart.pdf>]
Underfull \hbox (badness 1127) in paragraph at lines 197--199
\OT1/ptm/m/n/10 for $\OML/cmm/m/it/10 k \OT1/cmr/m/n/10 = 1\OML/cmm/m/it/10 ; :
::; K$\OT1/ptm/m/n/10 . Then $[][]$ is as-signed to the sub-
 []


Underfull \hbox (badness 2932) in paragraph at lines 205--206
[]\OT1/ptm/m/n/10 We let the or-thog-o-nal dic-tio-nary $\OT1/cmr/bx/n/10 D[]$ 
\OT1/ptm/m/n/10 be $\OT1/cmr/bx/n/10 D[] \U/msa/m/n/10 ,
 []


Underfull \hbox (badness 1939) in paragraph at lines 268--271
\OT1/cmr/m/n/10 [(\OT1/cmr/bx/n/10 A[]\OT1/cmr/m/n/10 )[] (\OT1/cmr/bx/n/10 A[]
\OT1/cmr/m/n/10 )[]][]$ \OT1/ptm/m/n/10 where the ex-ter-nal part $\OT1/cmr/bx/
n/10 A[] \OMS/cmsy/m/n/10 2
 []

[4]
LaTeX Font Info:    Try loading font information for OT1+pcr on input line 350.

 (c:/Software/texlive/2015/texmf-dist/tex/latex/psnfss/ot1pcr.fd
File: ot1pcr.fd 2001/06/04 font definitions for OT1/pcr.
)
<images/resize_CC_Noisy_Canon_EOS_5D_Mark3_ISO_3200_C1_47.png, id=291, 167.6262
5pt x 167.62625pt>
File: images/resize_CC_Noisy_Canon_EOS_5D_Mark3_ISO_3200_C1_47.png Graphic file
 (type png)

<use images/resize_CC_Noisy_Canon_EOS_5D_Mark3_ISO_3200_C1_47.png>
Package pdftex.def Info: images/resize_CC_Noisy_Canon_EOS_5D_Mark3_ISO_3200_C1_
47.png used on input line 390.
(pdftex.def)             Requested size: 27.32344pt x 27.32207pt.

<images/resize_CC_Noisy_Canon_EOS_5D_Mark3_ISO_3200_C1_52.png, id=292, 167.6262
5pt x 167.62625pt>
File: images/resize_CC_Noisy_Canon_EOS_5D_Mark3_ISO_3200_C1_52.png Graphic file
 (type png)

<use images/resize_CC_Noisy_Canon_EOS_5D_Mark3_ISO_3200_C1_52.png>
Package pdftex.def Info: images/resize_CC_Noisy_Canon_EOS_5D_Mark3_ISO_3200_C1_
52.png used on input line 390.
(pdftex.def)             Requested size: 27.32344pt x 27.32207pt.

<images/resize_CC_Noisy_Canon_EOS_5D_Mark3_ISO_3200_C2_44.png, id=293, 167.6262
5pt x 167.62625pt>
File: images/resize_CC_Noisy_Canon_EOS_5D_Mark3_ISO_3200_C2_44.png Graphic file
 (type png)

<use images/resize_CC_Noisy_Canon_EOS_5D_Mark3_ISO_3200_C2_44.png>
Package pdftex.def Info: images/resize_CC_Noisy_Canon_EOS_5D_Mark3_ISO_3200_C2_
44.png used on input line 390.
(pdftex.def)             Requested size: 27.32344pt x 27.32207pt.

<images/resize_CC_Noisy_Canon_EOS_5D_Mark3_ISO_3200_C2_66.png, id=294, 167.6262
5pt x 167.62625pt>
File: images/resize_CC_Noisy_Canon_EOS_5D_Mark3_ISO_3200_C2_66.png Graphic file
 (type png)

<use images/resize_CC_Noisy_Canon_EOS_5D_Mark3_ISO_3200_C2_66.png>
Package pdftex.def Info: images/resize_CC_Noisy_Canon_EOS_5D_Mark3_ISO_3200_C2_
66.png used on input line 390.
(pdftex.def)             Requested size: 27.32344pt x 27.32207pt.

<images/resize_CC_Noisy_Canon_EOS_5D_Mark3_ISO_3200_C3_26.png, id=295, 167.6262
5pt x 167.62625pt>
File: images/resize_CC_Noisy_Canon_EOS_5D_Mark3_ISO_3200_C3_26.png Graphic file
 (type png)

<use images/resize_CC_Noisy_Canon_EOS_5D_Mark3_ISO_3200_C3_26.png>
Package pdftex.def Info: images/resize_CC_Noisy_Canon_EOS_5D_Mark3_ISO_3200_C3_
26.png used on input line 390.
(pdftex.def)             Requested size: 27.32344pt x 27.32207pt.

<images/resize_CC_Noisy_Canon_EOS_5D_Mark3_ISO_3200_C3_73.png, id=296, 167.6262
5pt x 167.62625pt>
File: images/resize_CC_Noisy_Canon_EOS_5D_Mark3_ISO_3200_C3_73.png Graphic file
 (type png)

<use images/resize_CC_Noisy_Canon_EOS_5D_Mark3_ISO_3200_C3_73.png>
Package pdftex.def Info: images/resize_CC_Noisy_Canon_EOS_5D_Mark3_ISO_3200_C3_
73.png used on input line 390.
(pdftex.def)             Requested size: 27.32344pt x 27.32207pt.

<images/resize_CC_Noisy_Nikon_D600_ISO_3200_C1_95.png, id=297, 167.62625pt x 16
7.62625pt>
File: images/resize_CC_Noisy_Nikon_D600_ISO_3200_C1_95.png Graphic file (type p
ng)
 <use images/resize_CC_Noisy_Nikon_D600_ISO_3200_C1_95.png>
Package pdftex.def Info: images/resize_CC_Noisy_Nikon_D600_ISO_3200_C1_95.png u
sed on input line 390.
(pdftex.def)             Requested size: 27.32344pt x 27.32207pt.

<images/resize_CC_Noisy_Nikon_D600_ISO_3200_C2_67.png, id=298, 167.62625pt x 16
7.62625pt>
File: images/resize_CC_Noisy_Nikon_D600_ISO_3200_C2_67.png Graphic file (type p
ng)
 <use images/resize_CC_Noisy_Nikon_D600_ISO_3200_C2_67.png>
Package pdftex.def Info: images/resize_CC_Noisy_Nikon_D600_ISO_3200_C2_67.png u
sed on input line 390.
(pdftex.def)             Requested size: 27.32344pt x 27.32207pt.

<images/resize_CC_Noisy_Nikon_D800_ISO_1600_B2_80.png, id=299, 167.62625pt x 16
7.62625pt>
File: images/resize_CC_Noisy_Nikon_D800_ISO_1600_B2_80.png Graphic file (type p
ng)
 <use images/resize_CC_Noisy_Nikon_D800_ISO_1600_B2_80.png>
Package pdftex.def Info: images/resize_CC_Noisy_Nikon_D800_ISO_1600_B2_80.png u
sed on input line 416.
(pdftex.def)             Requested size: 27.32344pt x 27.32207pt.

<images/resize_CC_Noisy_Nikon_D800_ISO_1600_B3_82.png, id=300, 167.62625pt x 16
7.62625pt>
File: images/resize_CC_Noisy_Nikon_D800_ISO_1600_B3_82.png Graphic file (type p
ng)
 <use images/resize_CC_Noisy_Nikon_D800_ISO_1600_B3_82.png>
Package pdftex.def Info: images/resize_CC_Noisy_Nikon_D800_ISO_1600_B3_82.png u
sed on input line 416.
(pdftex.def)             Requested size: 27.32344pt x 27.32207pt.

<images/resize_CC_Noisy_Nikon_D800_ISO_3200_A1_21.png, id=301, 167.62625pt x 16
7.62625pt>
File: images/resize_CC_Noisy_Nikon_D800_ISO_3200_A1_21.png Graphic file (type p
ng)
 <use images/resize_CC_Noisy_Nikon_D800_ISO_3200_A1_21.png>
Package pdftex.def Info: images/resize_CC_Noisy_Nikon_D800_ISO_3200_A1_21.png u
sed on input line 416.
(pdftex.def)             Requested size: 27.32344pt x 27.32207pt.

<images/resize_CC_Noisy_Nikon_D800_ISO_3200_A1_111.png, id=302, 167.62625pt x 1
67.62625pt>
File: images/resize_CC_Noisy_Nikon_D800_ISO_3200_A1_111.png Graphic file (type 
png)
 <use images/resize_CC_Noisy_Nikon_D800_ISO_3200_A1_111.png>
Package pdftex.def Info: images/resize_CC_Noisy_Nikon_D800_ISO_3200_A1_111.png 
used on input line 416.
(pdftex.def)             Requested size: 27.32344pt x 27.32207pt.

<images/resize_CC_Noisy_Nikon_D800_ISO_3200_A3_66.png, id=303, 167.62625pt x 16
7.62625pt>
File: images/resize_CC_Noisy_Nikon_D800_ISO_3200_A3_66.png Graphic file (type p
ng)
 <use images/resize_CC_Noisy_Nikon_D800_ISO_3200_A3_66.png>
Package pdftex.def Info: images/resize_CC_Noisy_Nikon_D800_ISO_3200_A3_66.png u
sed on input line 416.
(pdftex.def)             Requested size: 27.32344pt x 27.32207pt.

<images/resize_CC_Noisy_Nikon_D800_ISO_3200_A4_51.png, id=304, 167.62625pt x 16
7.62625pt>
File: images/resize_CC_Noisy_Nikon_D800_ISO_3200_A4_51.png Graphic file (type p
ng)
 <use images/resize_CC_Noisy_Nikon_D800_ISO_3200_A4_51.png>
Package pdftex.def Info: images/resize_CC_Noisy_Nikon_D800_ISO_3200_A4_51.png u
sed on input line 416.
(pdftex.def)             Requested size: 27.32344pt x 27.32207pt.

<images/resize_CC_Noisy_Nikon_D800_ISO_6400_B3_95.png, id=305, 167.62625pt x 16
7.62625pt>
File: images/resize_CC_Noisy_Nikon_D800_ISO_6400_B3_95.png Graphic file (type p
ng)
 <use images/resize_CC_Noisy_Nikon_D800_ISO_6400_B3_95.png>
Package pdftex.def Info: images/resize_CC_Noisy_Nikon_D800_ISO_6400_B3_95.png u
sed on input line 416.
(pdftex.def)             Requested size: 27.32344pt x 27.32207pt.

<images/resize_CC_Noisy_Nikon_D800_ISO_3200_A2_80.png, id=306, 167.62625pt x 16
7.62625pt>
File: images/resize_CC_Noisy_Nikon_D800_ISO_3200_A2_80.png Graphic file (type p
ng)
 <use images/resize_CC_Noisy_Nikon_D800_ISO_3200_A2_80.png>
Package pdftex.def Info: images/resize_CC_Noisy_Nikon_D800_ISO_3200_A2_80.png u
sed on input line 416.
(pdftex.def)             Requested size: 27.32344pt x 27.32207pt.

Overfull \hbox (3.95158pt too wide) in paragraph at lines 390--417
 [][] 
 []


Overfull \hbox (3.95158pt too wide) in paragraph at lines 390--417
 [][] 
 []


<images/resize_br_Noisy_CC_Noisy_Nikon_D600_ISO_3200_C1_96.png, id=309, 250.937
5pt x 250.9375pt>
File: images/resize_br_Noisy_CC_Noisy_Nikon_D600_ISO_3200_C1_96.png Graphic fil
e (type png)

<use images/resize_br_Noisy_CC_Noisy_Nikon_D600_ISO_3200_C1_96.png>
Package pdftex.def Info: images/resize_br_Noisy_CC_Noisy_Nikon_D600_ISO_3200_C1
_96.png used on input line 451.
(pdftex.def)             Requested size: 96.8906pt x 96.89265pt.

<images/resize_br_Offline_CC_Noisy_Nikon_D600_ISO_3200_C1_96.png, id=311, 250.9
375pt x 250.9375pt>
File: images/resize_br_Offline_CC_Noisy_Nikon_D600_ISO_3200_C1_96.png Graphic f
ile (type png)

<use images/resize_br_Offline_CC_Noisy_Nikon_D600_ISO_3200_C1_96.png>
Package pdftex.def Info: images/resize_br_Offline_CC_Noisy_Nikon_D600_ISO_3200_
C1_96.png used on input line 451.
(pdftex.def)             Requested size: 96.8906pt x 96.89265pt.

<images/resize_br_Online_CC_Noisy_Nikon_D600_ISO_3200_C1_96.png, id=312, 250.93
75pt x 250.9375pt>
File: images/resize_br_Online_CC_Noisy_Nikon_D600_ISO_3200_C1_96.png Graphic fi
le (type png)

<use images/resize_br_Online_CC_Noisy_Nikon_D600_ISO_3200_C1_96.png>
Package pdftex.def Info: images/resize_br_Online_CC_Noisy_Nikon_D600_ISO_3200_C
1_96.png used on input line 451.
(pdftex.def)             Requested size: 96.8906pt x 96.89265pt.

<images/resize_br_Guided_CC_Noisy_Nikon_D600_ISO_3200_C1_96.png, id=313, 250.93
75pt x 250.9375pt>
File: images/resize_br_Guided_CC_Noisy_Nikon_D600_ISO_3200_C1_96.png Graphic fi
le (type png)

<use images/resize_br_Guided_CC_Noisy_Nikon_D600_ISO_3200_C1_96.png>
Package pdftex.def Info: images/resize_br_Guided_CC_Noisy_Nikon_D600_ISO_3200_C
1_96.png used on input line 451.
(pdftex.def)             Requested size: 96.8906pt x 96.89265pt.

<images/resize_br_Mean_CC_Noisy_Nikon_D600_ISO_3200_C1_96.png, id=314, 250.9375
pt x 250.9375pt>
File: images/resize_br_Mean_CC_Noisy_Nikon_D600_ISO_3200_C1_96.png Graphic file
 (type png)

<use images/resize_br_Mean_CC_Noisy_Nikon_D600_ISO_3200_C1_96.png>
Package pdftex.def Info: images/resize_br_Mean_CC_Noisy_Nikon_D600_ISO_3200_C1_
96.png used on input line 451.
(pdftex.def)             Requested size: 96.8906pt x 96.89265pt.

Overfull \hbox (2.59673pt too wide) in paragraph at lines 451--455
 [][] 
 []


<images/resize_br_Noisy_CC_Noisy_Nikon_D600_ISO_3200_C1_94b.png, id=318, 250.93
75pt x 250.9375pt>
File: images/resize_br_Noisy_CC_Noisy_Nikon_D600_ISO_3200_C1_94b.png Graphic fi
le (type png)

<use images/resize_br_Noisy_CC_Noisy_Nikon_D600_ISO_3200_C1_94b.png>
Package pdftex.def Info: images/resize_br_Noisy_CC_Noisy_Nikon_D600_ISO_3200_C1
_94b.png used on input line 487.
(pdftex.def)             Requested size: 96.8906pt x 96.89265pt.

<images/resize_br_Offline_CC_Noisy_Nikon_D600_ISO_3200_C1_94b.png, id=320, 250.
9375pt x 250.9375pt>
File: images/resize_br_Offline_CC_Noisy_Nikon_D600_ISO_3200_C1_94b.png Graphic 
file (type png)

<use images/resize_br_Offline_CC_Noisy_Nikon_D600_ISO_3200_C1_94b.png>
Package pdftex.def Info: images/resize_br_Offline_CC_Noisy_Nikon_D600_ISO_3200_
C1_94b.png used on input line 487.
(pdftex.def)             Requested size: 96.8906pt x 96.89265pt.

<images/resize_br_Online_CC_Noisy_Nikon_D600_ISO_3200_C1_94b.png, id=321, 250.9
375pt x 250.9375pt>
File: images/resize_br_Online_CC_Noisy_Nikon_D600_ISO_3200_C1_94b.png Graphic f
ile (type png)

<use images/resize_br_Online_CC_Noisy_Nikon_D600_ISO_3200_C1_94b.png>
Package pdftex.def Info: images/resize_br_Online_CC_Noisy_Nikon_D600_ISO_3200_C
1_94b.png used on input line 487.
(pdftex.def)             Requested size: 96.8906pt x 96.89265pt.

<images/resize_br_Guided_CC_Noisy_Nikon_D600_ISO_3200_C1_94b.png, id=322, 250.9
375pt x 250.9375pt>
File: images/resize_br_Guided_CC_Noisy_Nikon_D600_ISO_3200_C1_94b.png Graphic f
ile (type png)

<use images/resize_br_Guided_CC_Noisy_Nikon_D600_ISO_3200_C1_94b.png>
Package pdftex.def Info: images/resize_br_Guided_CC_Noisy_Nikon_D600_ISO_3200_C
1_94b.png used on input line 487.
(pdftex.def)             Requested size: 96.8906pt x 96.89265pt.

<images/resize_br_Mean_CC_Noisy_Nikon_D600_ISO_3200_C1_94b.png, id=323, 250.937
5pt x 250.9375pt>
File: images/resize_br_Mean_CC_Noisy_Nikon_D600_ISO_3200_C1_94b.png Graphic fil
e (type png)

<use images/resize_br_Mean_CC_Noisy_Nikon_D600_ISO_3200_C1_94b.png>
Package pdftex.def Info: images/resize_br_Mean_CC_Noisy_Nikon_D600_ISO_3200_C1_
94b.png used on input line 487.
(pdftex.def)             Requested size: 96.8906pt x 96.89265pt.

Overfull \hbox (2.59673pt too wide) in paragraph at lines 487--491
 [][] 
 []


Overfull \hbox (8.63611pt too wide) in paragraph at lines 498--498
[] \elvbf . [] 
 []


Underfull \vbox (badness 10000) has occurred while \output is active []

 [5]
<images/resize_br_Noisy_dog.png, id=350, 200.75pt x 200.75pt>
File: images/resize_br_Noisy_dog.png Graphic file (type png)

<use images/resize_br_Noisy_dog.png>
Package pdftex.def Info: images/resize_br_Noisy_dog.png used on input line 527.

(pdftex.def)             Requested size: 121.23456pt x 121.23816pt.

<images/resize_br_BM3D_dog.png, id=352, 200.75pt x 200.75pt>
File: images/resize_br_BM3D_dog.png Graphic file (type png)

<use images/resize_br_BM3D_dog.png>
Package pdftex.def Info: images/resize_br_BM3D_dog.png used on input line 527.
(pdftex.def)             Requested size: 121.23456pt x 121.23816pt.

<images/resize_br_WNNM_dog.png, id=355, 200.75pt x 200.75pt>
File: images/resize_br_WNNM_dog.png Graphic file (type png)

<use images/resize_br_WNNM_dog.png>
Package pdftex.def Info: images/resize_br_WNNM_dog.png used on input line 527.
(pdftex.def)             Requested size: 121.23456pt x 121.23816pt.

<images/resize_br_MLP_dog.png, id=357, 200.75pt x 200.75pt>
File: images/resize_br_MLP_dog.png Graphic file (type png)

<use images/resize_br_MLP_dog.png>
Package pdftex.def Info: images/resize_br_MLP_dog.png used on input line 527.
(pdftex.def)             Requested size: 121.23456pt x 121.23816pt.

<images/resize_br_TRD_dog.png, id=359, 200.75pt x 200.75pt>
File: images/resize_br_TRD_dog.png Graphic file (type png)

<use images/resize_br_TRD_dog.png>
Package pdftex.def Info: images/resize_br_TRD_dog.png used on input line 549.
(pdftex.def)             Requested size: 121.23456pt x 121.23816pt.

<images/resize_br_NI_dog.png, id=361, 200.75pt x 200.75pt>
File: images/resize_br_NI_dog.png Graphic file (type png)

<use images/resize_br_NI_dog.png>
Package pdftex.def Info: images/resize_br_NI_dog.png used on input line 549.
(pdftex.def)             Requested size: 121.23456pt x 121.23816pt.

<images/resize_br_NC_dog.png, id=363, 200.75pt x 200.75pt>
File: images/resize_br_NC_dog.png Graphic file (type png)

<use images/resize_br_NC_dog.png>
Package pdftex.def Info: images/resize_br_NC_dog.png used on input line 549.
(pdftex.def)             Requested size: 121.23456pt x 121.23816pt.

<images/resize_br_Guided_dog.png, id=366, 200.75pt x 200.75pt>
File: images/resize_br_Guided_dog.png Graphic file (type png)

<use images/resize_br_Guided_dog.png>
Package pdftex.def Info: images/resize_br_Guided_dog.png used on input line 549
.
(pdftex.def)             Requested size: 121.23456pt x 121.23816pt.

Overfull \hbox (0.58199pt too wide) in paragraph at lines 527--551
 [][] 
 []


Overfull \hbox (0.58199pt too wide) in paragraph at lines 527--551
 [][] 
 []


Overfull \hbox (65.54163pt too wide) in paragraph at lines 557--557
[] \elvbf . [] 
 []

LaTeX Font Info:    Font shape `OT1/ptm/bx/n' in size <9> not available
(Font)              Font shape `OT1/ptm/b/n' tried instead on input line 572.
[6 <./images/resize_CC_Noisy_Canon_EOS_5D_Mark3_ISO_3200_C1_47.png (PNG copy)> 
<./images/resize_CC_Noisy_Canon_EOS_5D_Mark3_ISO_3200_C1_52.png (PNG copy)> <./
images/resize_CC_Noisy_Canon_EOS_5D_Mark3_ISO_3200_C2_44.png (PNG copy)> <./ima
ges/resize_CC_Noisy_Canon_EOS_5D_Mark3_ISO_3200_C2_66.png (PNG copy)> <./images
/resize_CC_Noisy_Canon_EOS_5D_Mark3_ISO_3200_C3_26.png (PNG copy)> <./images/re
size_CC_Noisy_Canon_EOS_5D_Mark3_ISO_3200_C3_73.png (PNG copy)> <./images/resiz
e_CC_Noisy_Nikon_D600_ISO_3200_C1_95.png (PNG copy)> <./images/resize_CC_Noisy_
Nikon_D600_ISO_3200_C2_67.png (PNG copy)> <./images/resize_CC_Noisy_Nikon_D800_
ISO_1600_B2_80.png (PNG copy)> <./images/resize_CC_Noisy_Nikon_D800_ISO_1600_B3
_82.png (PNG copy)> <./images/resize_CC_Noisy_Nikon_D800_ISO_3200_A1_21.png (PN
G copy)> <./images/resize_CC_Noisy_Nikon_D800_ISO_3200_A1_111.png (PNG copy)> <
./images/resize_CC_Noisy_Nikon_D800_ISO_3200_A3_66.png (PNG copy)> <./images/re
size_CC_Noisy_Nikon_D800_ISO_3200_A4_51.png (PNG copy)> <./images/resize_CC_Noi
sy_Nikon_D800_ISO_6400_B3_95.png (PNG copy)> <./images/resize_CC_Noisy_Nikon_D8
00_ISO_3200_A2_80.png (PNG copy)>]
<images/resize_br_Noisy_5dmark3_iso3200_1_real.png, id=428, 256.96pt x 256.96pt
>
File: images/resize_br_Noisy_5dmark3_iso3200_1_real.png Graphic file (type png)

 <use images/resize_br_Noisy_5dmark3_iso3200_1_real.png>
Package pdftex.def Info: images/resize_br_Noisy_5dmark3_iso3200_1_real.png used
 on input line 703.
(pdftex.def)             Requested size: 96.8906pt x 96.88907pt.

<images/resize_br_CBM3D_5dmark3_iso3200_1_real.png, id=430, 256.96pt x 256.96pt
>
File: images/resize_br_CBM3D_5dmark3_iso3200_1_real.png Graphic file (type png)

 <use images/resize_br_CBM3D_5dmark3_iso3200_1_real.png>
Package pdftex.def Info: images/resize_br_CBM3D_5dmark3_iso3200_1_real.png used
 on input line 703.
(pdftex.def)             Requested size: 96.8906pt x 96.88907pt.

<images/resize_br_WNNM_5dmark3_iso3200_1_real.png, id=433, 256.96pt x 256.96pt>
File: images/resize_br_WNNM_5dmark3_iso3200_1_real.png Graphic file (type png)
<use images/resize_br_WNNM_5dmark3_iso3200_1_real.png>
Package pdftex.def Info: images/resize_br_WNNM_5dmark3_iso3200_1_real.png used 
on input line 703.
(pdftex.def)             Requested size: 96.8906pt x 96.88907pt.

<images/resize_br_MLP_5dmark3_iso3200_1_real.png, id=435, 256.96pt x 256.96pt>
File: images/resize_br_MLP_5dmark3_iso3200_1_real.png Graphic file (type png)

<use images/resize_br_MLP_5dmark3_iso3200_1_real.png>
Package pdftex.def Info: images/resize_br_MLP_5dmark3_iso3200_1_real.png used o
n input line 703.
(pdftex.def)             Requested size: 96.8906pt x 96.88907pt.

<images/resize_br_TRD_5dmark3_iso3200_1_real.png, id=437, 256.96pt x 256.96pt>
File: images/resize_br_TRD_5dmark3_iso3200_1_real.png Graphic file (type png)

<use images/resize_br_TRD_5dmark3_iso3200_1_real.png>
Package pdftex.def Info: images/resize_br_TRD_5dmark3_iso3200_1_real.png used o
n input line 703.
(pdftex.def)             Requested size: 96.8906pt x 96.88907pt.

<images/resize_br_NI_5dmark3_iso3200_1_real.png, id=439, 256.96pt x 256.96pt>
File: images/resize_br_NI_5dmark3_iso3200_1_real.png Graphic file (type png)

<use images/resize_br_NI_5dmark3_iso3200_1_real.png>
Package pdftex.def Info: images/resize_br_NI_5dmark3_iso3200_1_real.png used on
 input line 730.
(pdftex.def)             Requested size: 96.8906pt x 96.88907pt.

<images/resize_br_NC_5dmark3_iso3200_1_real.png, id=441, 256.96pt x 256.96pt>
File: images/resize_br_NC_5dmark3_iso3200_1_real.png Graphic file (type png)

<use images/resize_br_NC_5dmark3_iso3200_1_real.png>
Package pdftex.def Info: images/resize_br_NC_5dmark3_iso3200_1_real.png used on
 input line 730.
(pdftex.def)             Requested size: 96.8906pt x 96.88907pt.

<images/resize_br_CCNoise_5dmark3_iso3200_1.png, id=444, 256.96pt x 256.96pt>
File: images/resize_br_CCNoise_5dmark3_iso3200_1.png Graphic file (type png)

<use images/resize_br_CCNoise_5dmark3_iso3200_1.png>
Package pdftex.def Info: images/resize_br_CCNoise_5dmark3_iso3200_1.png used on
 input line 730.
(pdftex.def)             Requested size: 96.8906pt x 96.88907pt.

<images/resize_br_Guided_5dmark3_iso3200_1_real.png, id=446, 256.96pt x 256.96p
t>
File: images/resize_br_Guided_5dmark3_iso3200_1_real.png Graphic file (type png
)
 <use images/resize_br_Guided_5dmark3_iso3200_1_real.png>
Package pdftex.def Info: images/resize_br_Guided_5dmark3_iso3200_1_real.png use
d on input line 730.
(pdftex.def)             Requested size: 96.8906pt x 96.88907pt.

<images/resize_br_Mean_5dmark3_iso3200_1_real.png, id=447, 256.96pt x 256.96pt>
File: images/resize_br_Mean_5dmark3_iso3200_1_real.png Graphic file (type png)
<use images/resize_br_Mean_5dmark3_iso3200_1_real.png>
Package pdftex.def Info: images/resize_br_Mean_5dmark3_iso3200_1_real.png used 
on input line 730.
(pdftex.def)             Requested size: 96.8906pt x 96.88907pt.

Overfull \hbox (2.59673pt too wide) in paragraph at lines 703--731
 [][] 
 []


Overfull \hbox (2.59673pt too wide) in paragraph at lines 703--731
 [][] 
 []

(./temp.bbl (./temp.brf)
\tf@brf=\write3
\openout3 = `temp.brf'.

 [7 <./images/resize_br_Noisy_CC_Noisy_Nikon_D600_ISO_3200_C1_96.png (PNG copy)
> <./images/resize_br_Offline_CC_Noisy_Nikon_D600_ISO_3200_C1_96.png (PNG copy)
> <./images/resize_br_Online_CC_Noisy_Nikon_D600_ISO_3200_C1_96.png (PNG copy)>
 <./images/resize_br_Guided_CC_Noisy_Nikon_D600_ISO_3200_C1_96.png (PNG copy)> 
<./images/resize_br_Mean_CC_Noisy_Nikon_D600_ISO_3200_C1_96.png (PNG copy)> <./
images/resize_br_Noisy_CC_Noisy_Nikon_D600_ISO_3200_C1_94b.png (PNG copy)> <./i
mages/resize_br_Offline_CC_Noisy_Nikon_D600_ISO_3200_C1_94b.png (PNG copy)> <./
images/resize_br_Online_CC_Noisy_Nikon_D600_ISO_3200_C1_94b.png (PNG copy)> <./
images/resize_br_Guided_CC_Noisy_Nikon_D600_ISO_3200_C1_94b.png (PNG copy)> <./
images/resize_br_Mean_CC_Noisy_Nikon_D600_ISO_3200_C1_94b.png (PNG copy)>]
Underfull \vbox (badness 10000) has occurred while \output is active []


Underfull \vbox (badness 10000) has occurred while \output is active []

 [8 <./images/resize_br_Noisy_dog.png (PNG copy)> <./images/resize_br_BM3D_dog.
png (PNG copy)> <./images/resize_br_WNNM_dog.png (PNG copy)> <./images/resize_b
r_MLP_dog.png (PNG copy)> <./images/resize_br_TRD_dog.png (PNG copy)> <./images
/resize_br_NI_dog.png (PNG copy)> <./images/resize_br_NC_dog.png (PNG copy)> <.
/images/resize_br_Guided_dog.png (PNG copy)>]
Underfull \vbox (badness 10000) has occurred while \output is active []

LaTeX Font Info:    Calculating math sizes for size <8.83> on input line 124.


LaTeX Font Warning: Font shape `OT1/cmr/m/n' in size <4.415> not available
(Font)              size <5> substituted on input line 124.


LaTeX Font Warning: Font shape `OML/cmm/m/it' in size <4.415> not available
(Font)              size <5> substituted on input line 124.


LaTeX Font Warning: Font shape `OMS/cmsy/m/n' in size <4.415> not available
(Font)              size <5> substituted on input line 124.


LaTeX Font Warning: Font shape `OT1/cmr/bx/n' in size <4.415> not available
(Font)              size <5> substituted on input line 124.


LaTeX Font Warning: Font shape `OML/cmm/b/it' in size <4.415> not available
(Font)              size <5> substituted on input line 124.


LaTeX Font Warning: Font shape `OMS/cmsy/b/n' in size <4.415> not available
(Font)              size <5> substituted on input line 124.


Underfull \vbox (badness 10000) has occurred while \output is active []

 [9 <./images/resize_br_Noisy_5dmark3_iso3200_1_real.png (PNG copy)> <./images/
resize_br_CBM3D_5dmark3_iso3200_1_real.png (PNG copy)> <./images/resize_br_WNNM
_5dmark3_iso3200_1_real.png (PNG copy)> <./images/resize_br_MLP_5dmark3_iso3200
_1_real.png (PNG copy)> <./images/resize_br_TRD_5dmark3_iso3200_1_real.png (PNG
 copy)> <./images/resize_br_NI_5dmark3_iso3200_1_real.png (PNG copy)> <./images
/resize_br_NC_5dmark3_iso3200_1_real.png (PNG copy)> <./images/resize_br_CCNois
e_5dmark3_iso3200_1.png (PNG copy)> <./images/resize_br_Guided_5dmark3_iso3200_
1_real.png (PNG copy)> <./images/resize_br_Mean_5dmark3_iso3200_1_real.png (PNG
 copy)>])
Package atveryend Info: Empty hook `BeforeClearDocument' on input line 783.

[10

]
Package atveryend Info: Empty hook `AfterLastShipout' on input line 783.
 (./temp.aux)
Package atveryend Info: Executing hook `AtVeryEndDocument' on input line 783.
Package atveryend Info: Executing hook `AtEndAfterFileList' on input line 783.
Package rerunfilecheck Info: File `temp.brf' has not changed.
(rerunfilecheck)             Checksum: 0A47B75AF86C03D6E5A80E4203C3E66E;9110.


LaTeX Font Warning: Size substitutions with differences
(Font)              up to 0.585pt have occurred.

 ) 
Here is how much of TeX's memory you used:
 15143 strings out of 493091
 267293 string characters out of 6134517
 346296 words of memory out of 5000000
 18287 multiletter control sequences out of 15000+600000
 55719 words of font info for 137 fonts, out of 8000000 for 9000
 1141 hyphenation exceptions out of 8191
 39i,19n,42p,10397b,551s stack positions out of 5000i,500n,10000p,200000b,80000s
{c:/Software/texlive/2015/texmf-dist/fonts/enc/dvips/base/8r.enc}<c:/Software
/texlive/2015/texmf-dist/fonts/type1/public/amsfonts/cm/cmbx10.pfb><c:/Software
/texlive/2015/texmf-dist/fonts/type1/public/amsfonts/cm/cmbx7.pfb><c:/Software/
texlive/2015/texmf-dist/fonts/type1/public/amsfonts/cm/cmex10.pfb><c:/Software/
texlive/2015/texmf-dist/fonts/type1/public/amsfonts/cm/cmmi10.pfb><c:/Software/
texlive/2015/texmf-dist/fonts/type1/public/amsfonts/cm/cmmi5.pfb><c:/Software/t
exlive/2015/texmf-dist/fonts/type1/public/amsfonts/cm/cmmi7.pfb><c:/Software/te
xlive/2015/texmf-dist/fonts/type1/public/amsfonts/cm/cmmib10.pfb><c:/Software/t
exlive/2015/texmf-dist/fonts/type1/public/amsfonts/cmextra/cmmib7.pfb><c:/Softw
are/texlive/2015/texmf-dist/fonts/type1/public/amsfonts/cm/cmr10.pfb><c:/Softwa
re/texlive/2015/texmf-dist/fonts/type1/public/amsfonts/cm/cmr5.pfb><c:/Software
/texlive/2015/texmf-dist/fonts/type1/public/amsfonts/cm/cmr7.pfb><c:/Software/t
exlive/2015/texmf-dist/fonts/type1/public/amsfonts/cm/cmr9.pfb><c:/Software/tex
live/2015/texmf-dist/fonts/type1/public/amsfonts/cm/cmsy10.pfb><c:/Software/tex
live/2015/texmf-dist/fonts/type1/public/amsfonts/cm/cmsy7.pfb><c:/Software/texl
ive/2015/texmf-dist/fonts/type1/public/amsfonts/cm/cmsy9.pfb><c:/Software/texli
ve/2015/texmf-dist/fonts/type1/public/amsfonts/symbols/msam10.pfb><c:/Software/
texlive/2015/texmf-dist/fonts/type1/public/amsfonts/symbols/msbm10.pfb><c:/Soft
ware/texlive/2015/texmf-dist/fonts/type1/urw/courier/ucrr8a.pfb><c:/Software/te
xlive/2015/texmf-dist/fonts/type1/urw/times/utmb8a.pfb><c:/Software/texlive/201
5/texmf-dist/fonts/type1/urw/times/utmbi8a.pfb><c:/Software/texlive/2015/texmf-
dist/fonts/type1/urw/times/utmr8a.pfb><c:/Software/texlive/2015/texmf-dist/font
s/type1/urw/times/utmri8a.pfb>
Output written on temp.pdf (10 pages, 4168376 bytes).
PDF statistics:
 665 PDF objects out of 1000 (max. 8388607)
 532 compressed objects within 6 object streams
 88 named destinations out of 1000 (max. 500000)
 276 words of extra memory for PDF output out of 10000 (max. 10000000)

